H:\PROGRAMMING\VS2010\CPP\MFC\ROUTERMANAGER\RELEASE\ROUTERMANAGER.EXE
H:\Programming\vs2010\cpp\MFC\RouterManager\Release\RouterManager.exp
H:\Programming\vs2010\cpp\MFC\RouterManager\Release\RouterManager.lib
H:\Programming\vs2010\cpp\MFC\RouterManager\Release\RouterManager.pdb
H:\PROGRAMMING\VS2010\CPP\MFC\ROUTERMANAGER\ROUTERMANAGER\RELEASE\APPLICATION.OBJ
H:\Programming\vs2010\cpp\MFC\RouterManager\RouterManager\Release\cl.command.1.tlog
H:\Programming\vs2010\cpp\MFC\RouterManager\RouterManager\Release\CL.read.1.tlog
H:\Programming\vs2010\cpp\MFC\RouterManager\RouterManager\Release\CL.write.1.tlog
H:\PROGRAMMING\VS2010\CPP\MFC\ROUTERMANAGER\ROUTERMANAGER\RELEASE\EXPLORER1.OBJ
H:\Programming\vs2010\cpp\MFC\RouterManager\RouterManager\Release\link.command.1.tlog
H:\Programming\vs2010\cpp\MFC\RouterManager\RouterManager\Release\link.read.1.tlog
H:\Programming\vs2010\cpp\MFC\RouterManager\RouterManager\Release\link.write.1.tlog
H:\Programming\vs2010\cpp\MFC\RouterManager\RouterManager\Release\link-cvtres.read.1.tlog
H:\Programming\vs2010\cpp\MFC\RouterManager\RouterManager\Release\link-cvtres.write.1.tlog
H:\PROGRAMMING\VS2010\CPP\MFC\ROUTERMANAGER\ROUTERMANAGER\RELEASE\MESSAGER.OBJ
H:\Programming\vs2010\cpp\MFC\RouterManager\RouterManager\Release\msxml6.tlh
H:\Programming\vs2010\cpp\MFC\RouterManager\RouterManager\Release\msxml6.tli
H:\Programming\vs2010\cpp\MFC\RouterManager\RouterManager\Release\mt.command.1.tlog
H:\Programming\vs2010\cpp\MFC\RouterManager\RouterManager\Release\mt.read.1.tlog
H:\Programming\vs2010\cpp\MFC\RouterManager\RouterManager\Release\mt.write.1.tlog
H:\Programming\vs2010\cpp\MFC\RouterManager\RouterManager\Release\rc.command.1.tlog
H:\Programming\vs2010\cpp\MFC\RouterManager\RouterManager\Release\rc.read.1.tlog
H:\Programming\vs2010\cpp\MFC\RouterManager\RouterManager\Release\rc.write.1.tlog
H:\PROGRAMMING\VS2010\CPP\MFC\ROUTERMANAGER\ROUTERMANAGER\RELEASE\ROUTER.OBJ
H:\Programming\vs2010\cpp\MFC\RouterManager\RouterManager\Release\RouterManager.exe.intermediate.manifest
H:\PROGRAMMING\VS2010\CPP\MFC\ROUTERMANAGER\ROUTERMANAGER\RELEASE\ROUTERMANAGER.OBJ
H:\PROGRAMMING\VS2010\CPP\MFC\ROUTERMANAGER\ROUTERMANAGER\RELEASE\ROUTERMANAGER.PCH
H:\PROGRAMMING\VS2010\CPP\MFC\ROUTERMANAGER\ROUTERMANAGER\RELEASE\ROUTERMANAGER.RES
H:\Programming\vs2010\cpp\MFC\RouterManager\RouterManager\Release\RouterManager.write.1.tlog
H:\PROGRAMMING\VS2010\CPP\MFC\ROUTERMANAGER\ROUTERMANAGER\RELEASE\ROUTERMANAGERDLG.OBJ
H:\PROGRAMMING\VS2010\CPP\MFC\ROUTERMANAGER\ROUTERMANAGER\RELEASE\ROUTERXML.OBJ
H:\PROGRAMMING\VS2010\CPP\MFC\ROUTERMANAGER\ROUTERMANAGER\RELEASE\STDAFX.OBJ
H:\PROGRAMMING\VS2010\CPP\MFC\ROUTERMANAGER\ROUTERMANAGER\RELEASE\TABPAGE1.OBJ
H:\PROGRAMMING\VS2010\CPP\MFC\ROUTERMANAGER\ROUTERMANAGER\RELEASE\TABPAGE2.OBJ
H:\PROGRAMMING\VS2010\CPP\MFC\ROUTERMANAGER\ROUTERMANAGER\RELEASE\TABPAGE3.OBJ
H:\PROGRAMMING\VS2010\CPP\MFC\ROUTERMANAGER\ROUTERMANAGER\RELEASE\TABPAGE4.OBJ
H:\PROGRAMMING\VS2010\CPP\MFC\ROUTERMANAGER\ROUTERMANAGER\RELEASE\TABPAGE5.OBJ
H:\PROGRAMMING\VS2010\CPP\MFC\ROUTERMANAGER\ROUTERMANAGER\RELEASE\TELECOM.OBJ
H:\PROGRAMMING\VS2010\CPP\MFC\ROUTERMANAGER\ROUTERMANAGER\RELEASE\VC100.PDB
