H:\PROGRAMMING\VS2010\CPP\MFC\ROUTERMANAGER\DEBUG\ROUTERMANAGER.EXE
H:\Programming\vs2010\cpp\MFC\RouterManager\Debug\RouterManager.exp
H:\PROGRAMMING\VS2010\CPP\MFC\ROUTERMANAGER\DEBUG\ROUTERMANAGER.ILK
H:\Programming\vs2010\cpp\MFC\RouterManager\Debug\RouterManager.lib
H:\PROGRAMMING\VS2010\CPP\MFC\ROUTERMANAGER\DEBUG\ROUTERMANAGER.PDB
H:\PROGRAMMING\VS2010\CPP\MFC\ROUTERMANAGER\ROUTERMANAGER\DEBUG\APPLICATION.OBJ
H:\PROGRAMMING\VS2010\CPP\MFC\ROUTERMANAGER\ROUTERMANAGER\DEBUG\BROADBAND.OBJ
H:\Programming\vs2010\cpp\MFC\RouterManager\RouterManager\Debug\cl.command.1.tlog
H:\Programming\vs2010\cpp\MFC\RouterManager\RouterManager\Debug\CL.read.1.tlog
H:\Programming\vs2010\cpp\MFC\RouterManager\RouterManager\Debug\CL.write.1.tlog
H:\PROGRAMMING\VS2010\CPP\MFC\ROUTERMANAGER\ROUTERMANAGER\DEBUG\EXPLORER1.OBJ
H:\Programming\vs2010\cpp\MFC\RouterManager\RouterManager\Debug\link.10108.read.1.tlog
H:\Programming\vs2010\cpp\MFC\RouterManager\RouterManager\Debug\link.10108.write.1.tlog
H:\Programming\vs2010\cpp\MFC\RouterManager\RouterManager\Debug\link.10108-cvtres.read.1.tlog
H:\Programming\vs2010\cpp\MFC\RouterManager\RouterManager\Debug\link.10108-cvtres.write.1.tlog
H:\Programming\vs2010\cpp\MFC\RouterManager\RouterManager\Debug\link.2520.read.1.tlog
H:\Programming\vs2010\cpp\MFC\RouterManager\RouterManager\Debug\link.2520.write.1.tlog
H:\Programming\vs2010\cpp\MFC\RouterManager\RouterManager\Debug\link.2520-cvtres.read.1.tlog
H:\Programming\vs2010\cpp\MFC\RouterManager\RouterManager\Debug\link.2520-cvtres.write.1.tlog
H:\Programming\vs2010\cpp\MFC\RouterManager\RouterManager\Debug\link.3112.read.1.tlog
H:\Programming\vs2010\cpp\MFC\RouterManager\RouterManager\Debug\link.3112.write.1.tlog
H:\Programming\vs2010\cpp\MFC\RouterManager\RouterManager\Debug\link.3112-cvtres.read.1.tlog
H:\Programming\vs2010\cpp\MFC\RouterManager\RouterManager\Debug\link.3112-cvtres.write.1.tlog
H:\Programming\vs2010\cpp\MFC\RouterManager\RouterManager\Debug\link.3864.read.1.tlog
H:\Programming\vs2010\cpp\MFC\RouterManager\RouterManager\Debug\link.3864.write.1.tlog
H:\Programming\vs2010\cpp\MFC\RouterManager\RouterManager\Debug\link.3864-cvtres.read.1.tlog
H:\Programming\vs2010\cpp\MFC\RouterManager\RouterManager\Debug\link.3864-cvtres.write.1.tlog
H:\Programming\vs2010\cpp\MFC\RouterManager\RouterManager\Debug\link.4656.read.1.tlog
H:\Programming\vs2010\cpp\MFC\RouterManager\RouterManager\Debug\link.4656.write.1.tlog
H:\Programming\vs2010\cpp\MFC\RouterManager\RouterManager\Debug\link.4656-cvtres.read.1.tlog
H:\Programming\vs2010\cpp\MFC\RouterManager\RouterManager\Debug\link.4656-cvtres.write.1.tlog
H:\Programming\vs2010\cpp\MFC\RouterManager\RouterManager\Debug\link.5060.read.1.tlog
H:\Programming\vs2010\cpp\MFC\RouterManager\RouterManager\Debug\link.5060.write.1.tlog
H:\Programming\vs2010\cpp\MFC\RouterManager\RouterManager\Debug\link.5060-cvtres.read.1.tlog
H:\Programming\vs2010\cpp\MFC\RouterManager\RouterManager\Debug\link.5060-cvtres.write.1.tlog
H:\Programming\vs2010\cpp\MFC\RouterManager\RouterManager\Debug\link.6376.read.1.tlog
H:\Programming\vs2010\cpp\MFC\RouterManager\RouterManager\Debug\link.6376.write.1.tlog
H:\Programming\vs2010\cpp\MFC\RouterManager\RouterManager\Debug\link.6376-cvtres.read.1.tlog
H:\Programming\vs2010\cpp\MFC\RouterManager\RouterManager\Debug\link.6376-cvtres.write.1.tlog
H:\Programming\vs2010\cpp\MFC\RouterManager\RouterManager\Debug\link.7836.read.1.tlog
H:\Programming\vs2010\cpp\MFC\RouterManager\RouterManager\Debug\link.7836.write.1.tlog
H:\Programming\vs2010\cpp\MFC\RouterManager\RouterManager\Debug\link.7836-cvtres.read.1.tlog
H:\Programming\vs2010\cpp\MFC\RouterManager\RouterManager\Debug\link.7836-cvtres.write.1.tlog
H:\Programming\vs2010\cpp\MFC\RouterManager\RouterManager\Debug\link.8688.read.1.tlog
H:\Programming\vs2010\cpp\MFC\RouterManager\RouterManager\Debug\link.8688.write.1.tlog
H:\Programming\vs2010\cpp\MFC\RouterManager\RouterManager\Debug\link.8688-cvtres.read.1.tlog
H:\Programming\vs2010\cpp\MFC\RouterManager\RouterManager\Debug\link.8688-cvtres.write.1.tlog
H:\Programming\vs2010\cpp\MFC\RouterManager\RouterManager\Debug\link.8756.read.1.tlog
H:\Programming\vs2010\cpp\MFC\RouterManager\RouterManager\Debug\link.8756.write.1.tlog
H:\Programming\vs2010\cpp\MFC\RouterManager\RouterManager\Debug\link.8756-cvtres.read.1.tlog
H:\Programming\vs2010\cpp\MFC\RouterManager\RouterManager\Debug\link.8756-cvtres.write.1.tlog
H:\Programming\vs2010\cpp\MFC\RouterManager\RouterManager\Debug\link.command.1.tlog
H:\Programming\vs2010\cpp\MFC\RouterManager\RouterManager\Debug\link.read.1.tlog
H:\Programming\vs2010\cpp\MFC\RouterManager\RouterManager\Debug\link.write.1.tlog
H:\Programming\vs2010\cpp\MFC\RouterManager\RouterManager\Debug\link-cvtres.read.1.tlog
H:\Programming\vs2010\cpp\MFC\RouterManager\RouterManager\Debug\link-cvtres.write.1.tlog
H:\PROGRAMMING\VS2010\CPP\MFC\ROUTERMANAGER\ROUTERMANAGER\DEBUG\MESSAGER.OBJ
H:\Programming\vs2010\cpp\MFC\RouterManager\RouterManager\Debug\msxml6.tlh
H:\Programming\vs2010\cpp\MFC\RouterManager\RouterManager\Debug\msxml6.tli
H:\Programming\vs2010\cpp\MFC\RouterManager\RouterManager\Debug\mt.command.1.tlog
H:\Programming\vs2010\cpp\MFC\RouterManager\RouterManager\Debug\mt.read.1.tlog
H:\Programming\vs2010\cpp\MFC\RouterManager\RouterManager\Debug\mt.write.1.tlog
H:\PROGRAMMING\VS2010\CPP\MFC\ROUTERMANAGER\ROUTERMANAGER\DEBUG\PLUGINMGR.OBJ
H:\Programming\vs2010\cpp\MFC\RouterManager\RouterManager\Debug\rc.command.1.tlog
H:\Programming\vs2010\cpp\MFC\RouterManager\RouterManager\Debug\rc.read.1.tlog
H:\Programming\vs2010\cpp\MFC\RouterManager\RouterManager\Debug\rc.write.1.tlog
H:\PROGRAMMING\VS2010\CPP\MFC\ROUTERMANAGER\ROUTERMANAGER\DEBUG\ROUTER.OBJ
H:\PROGRAMMING\VS2010\CPP\MFC\ROUTERMANAGER\ROUTERMANAGER\DEBUG\ROUTERMANAGER.EXE.EMBED.MANIFEST
H:\PROGRAMMING\VS2010\CPP\MFC\ROUTERMANAGER\ROUTERMANAGER\DEBUG\ROUTERMANAGER.EXE.EMBED.MANIFEST.RES
H:\PROGRAMMING\VS2010\CPP\MFC\ROUTERMANAGER\ROUTERMANAGER\DEBUG\ROUTERMANAGER.EXE.INTERMEDIATE.MANIFEST
H:\PROGRAMMING\VS2010\CPP\MFC\ROUTERMANAGER\ROUTERMANAGER\DEBUG\ROUTERMANAGER.OBJ
H:\PROGRAMMING\VS2010\CPP\MFC\ROUTERMANAGER\ROUTERMANAGER\DEBUG\ROUTERMANAGER.PCH
H:\PROGRAMMING\VS2010\CPP\MFC\ROUTERMANAGER\ROUTERMANAGER\DEBUG\ROUTERMANAGER.RES
H:\Programming\vs2010\cpp\MFC\RouterManager\RouterManager\Debug\RouterManager.write.1.tlog
H:\Programming\vs2010\cpp\MFC\RouterManager\RouterManager\Debug\RouterManager_manifest.rc
H:\PROGRAMMING\VS2010\CPP\MFC\ROUTERMANAGER\ROUTERMANAGER\DEBUG\ROUTERMANAGERDLG.OBJ
H:\PROGRAMMING\VS2010\CPP\MFC\ROUTERMANAGER\ROUTERMANAGER\DEBUG\ROUTERXML.OBJ
H:\PROGRAMMING\VS2010\CPP\MFC\ROUTERMANAGER\ROUTERMANAGER\DEBUG\STDAFX.OBJ
H:\PROGRAMMING\VS2010\CPP\MFC\ROUTERMANAGER\ROUTERMANAGER\DEBUG\TABPAGE1.OBJ
H:\PROGRAMMING\VS2010\CPP\MFC\ROUTERMANAGER\ROUTERMANAGER\DEBUG\TABPAGE2.OBJ
H:\PROGRAMMING\VS2010\CPP\MFC\ROUTERMANAGER\ROUTERMANAGER\DEBUG\TABPAGE3.OBJ
H:\PROGRAMMING\VS2010\CPP\MFC\ROUTERMANAGER\ROUTERMANAGER\DEBUG\TABPAGE4.OBJ
H:\PROGRAMMING\VS2010\CPP\MFC\ROUTERMANAGER\ROUTERMANAGER\DEBUG\TABPAGE5.OBJ
H:\PROGRAMMING\VS2010\CPP\MFC\ROUTERMANAGER\ROUTERMANAGER\DEBUG\USER.OBJ
H:\Programming\vs2010\cpp\MFC\RouterManager\RouterManager\Debug\vc100.idb
H:\PROGRAMMING\VS2010\CPP\MFC\ROUTERMANAGER\ROUTERMANAGER\DEBUG\VC100.PDB
