H:\PROGRAMMING\VS2010\CPP\MFC\ROUTERMANAGER\RELEASE\TY2.02.DLL
H:\Programming\vs2010\cpp\MFC\RouterManager\Release\ty2.02.exp
H:\Programming\vs2010\cpp\MFC\RouterManager\Release\ty2.02.lib
H:\PROGRAMMING\VS2010\CPP\MFC\ROUTERMANAGER\RELEASE\TY2.02.PDB
H:\Programming\vs2010\cpp\MFC\RouterManager\ty2.02\Release\cl.command.1.tlog
H:\Programming\vs2010\cpp\MFC\RouterManager\ty2.02\Release\CL.read.1.tlog
H:\Programming\vs2010\cpp\MFC\RouterManager\ty2.02\Release\CL.write.1.tlog
H:\Programming\vs2010\cpp\MFC\RouterManager\ty2.02\Release\link.command.1.tlog
H:\Programming\vs2010\cpp\MFC\RouterManager\ty2.02\Release\link.read.1.tlog
H:\Programming\vs2010\cpp\MFC\RouterManager\ty2.02\Release\link.write.1.tlog
H:\Programming\vs2010\cpp\MFC\RouterManager\ty2.02\Release\link-cvtres.read.1.tlog
H:\Programming\vs2010\cpp\MFC\RouterManager\ty2.02\Release\link-cvtres.write.1.tlog
H:\Programming\vs2010\cpp\MFC\RouterManager\ty2.02\Release\mt.command.1.tlog
H:\Programming\vs2010\cpp\MFC\RouterManager\ty2.02\Release\mt.read.1.tlog
H:\Programming\vs2010\cpp\MFC\RouterManager\ty2.02\Release\mt.write.1.tlog
H:\Programming\vs2010\cpp\MFC\RouterManager\ty2.02\Release\rc.command.1.tlog
H:\Programming\vs2010\cpp\MFC\RouterManager\ty2.02\Release\rc.read.1.tlog
H:\Programming\vs2010\cpp\MFC\RouterManager\ty2.02\Release\rc.write.1.tlog
H:\PROGRAMMING\VS2010\CPP\MFC\ROUTERMANAGER\TY2.02\RELEASE\STDAFX.OBJ
H:\PROGRAMMING\VS2010\CPP\MFC\ROUTERMANAGER\TY2.02\RELEASE\TY2.02.DLL.INTERMEDIATE.MANIFEST
H:\PROGRAMMING\VS2010\CPP\MFC\ROUTERMANAGER\TY2.02\RELEASE\TY2.02.OBJ
H:\PROGRAMMING\VS2010\CPP\MFC\ROUTERMANAGER\TY2.02\RELEASE\TY2.02.PCH
H:\PROGRAMMING\VS2010\CPP\MFC\ROUTERMANAGER\TY2.02\RELEASE\TY2.02.RES
H:\Programming\vs2010\cpp\MFC\RouterManager\ty2.02\Release\ty2.02.write.1.tlog
H:\PROGRAMMING\VS2010\CPP\MFC\ROUTERMANAGER\TY2.02\RELEASE\VC100.PDB
