生成启动时间为 2016/11/26 18:45:27。
     1>项目“H:\Programming\vs2010\cpp\MFC\RouterManager\RouterPropertiesEditor\RouterPropertiesEditor.vcxproj”在节点 2 上(build 个目标)。
     1>InitializeBuildStatus:
         正在对“Debug\RouterPropertiesEditor.unsuccessfulbuild”执行 Touch 任务。
       ClCompile:
         所有输出均为最新。
         E:\Program Files (x86)\Microsoft Visual Studio 10.0\VC\bin\CL.exe /c /ZI /nologo /W3 /WX- /Od /Oy- /D WIN32 /D _WINDOWS /D _DEBUG /D _UNICODE /D UNICODE /D _AFXDLL /Gm /EHsc /RTC1 /MDd /GS /fp:precise /Zc:wchar_t /Zc:forScope /Yu"StdAfx.h" /Fp"Debug\RouterPropertiesEditor.pch" /Fo"Debug\\" /Fd"Debug\vc100.pdb" /Gd /TP /analyze- /errorReport:prompt ..\Debuger\HeapFile.cpp ..\Debuger\RecordHeapFile.cpp
         RecordHeapFile.cpp
         HeapFile.cpp
         正在生成代码...
       ResourceCompile:
         所有输出均为最新。
       ManifestResourceCompile:
         所有输出均为最新。
       Link:
         E:\Program Files (x86)\Microsoft Visual Studio 10.0\VC\bin\link.exe /ERRORREPORT:PROMPT /OUT:"H:\Programming\vs2010\cpp\MFC\RouterManager\Debug\RouterPropertiesEditor.exe" /INCREMENTAL /NOLOGO /MANIFEST /ManifestFile:"Debug\RouterPropertiesEditor.exe.intermediate.manifest" /MANIFESTUAC:"level='asInvoker' uiAccess='false'" /DEBUG /PDB:"H:\Programming\vs2010\cpp\MFC\RouterManager\Debug\RouterPropertiesEditor.pdb" /SUBSYSTEM:WINDOWS /TLBID:1 /ENTRY:"wWinMainCRTStartup" /DYNAMICBASE /NXCOMPAT /IMPLIB:"H:\Programming\vs2010\cpp\MFC\RouterManager\Debug\RouterPropertiesEditor.lib" /MACHINE:X86 Debug\RouterPropertiesEditor.res
         Debug\RouterPropertiesEditor.exe.embed.manifest.res
         Debug\HeapFile.obj
         Debug\RecordHeapFile.obj
         Debug\ChildFrm.obj
         Debug\ClassView.obj
         Debug\FileView.obj
         Debug\MainFrm.obj
         Debug\OutputWnd.obj
         Debug\PropertiesWnd.obj
         Debug\RouterPropertiesEditor.obj
         Debug\RouterPropertiesEditorDoc.obj
         Debug\RouterPropertiesEditorView.obj
         Debug\stdafx.obj
         Debug\ViewTree.obj
       Manifest:
         C:\Program Files\Microsoft SDKs\Windows\v7.0A\bin\mt.exe /nologo /verbose /out:"Debug\RouterPropertiesEditor.exe.embed.manifest" /manifest Debug\RouterPropertiesEditor.exe.intermediate.manifest "E:\Program Files (x86)\Microsoft Visual Studio 10.0\VC\Include\Manifest\dpiaware.manifest"
         所有输出均为最新。
       LinkEmbedManifest:
         所有输出均为最新。
         RouterPropertiesEditor.vcxproj -> H:\Programming\vs2010\cpp\MFC\RouterManager\Debug\RouterPropertiesEditor.exe
       FinalizeBuildStatus:
         正在删除文件“Debug\RouterPropertiesEditor.unsuccessfulbuild”。
         正在对“Debug\RouterPropertiesEditor.lastbuildstate”执行 Touch 任务。
     1>已完成生成项目“H:\Programming\vs2010\cpp\MFC\RouterManager\RouterPropertiesEditor\RouterPropertiesEditor.vcxproj”(build 个目标)的操作。

生成成功。

已用时间 00:00:04.38
