..\Debug\Plugins\ty2.02.ilk
..\Debug\Plugins\ty2.02.pdb
H:\PROGRAMMING\VS2010\CPP\MFC\ROUTERMANAGER\DEBUG\PLUGINS\TY2.02.DLL
H:\Programming\vs2010\cpp\MFC\RouterManager\Debug\Plugins\ty2.02.exp
H:\PROGRAMMING\VS2010\CPP\MFC\ROUTERMANAGER\DEBUG\PLUGINS\TY2.02.ILK
H:\Programming\vs2010\cpp\MFC\RouterManager\Debug\Plugins\ty2.02.lib
H:\PROGRAMMING\VS2010\CPP\MFC\ROUTERMANAGER\DEBUG\PLUGINS\TY2.02.PDB
H:\Programming\vs2010\cpp\MFC\RouterManager\ty2.02\..\Debug\Plugins\ty2.02.dll
H:\Programming\vs2010\cpp\MFC\RouterManager\ty2.02\Debug\cl.command.1.tlog
H:\Programming\vs2010\cpp\MFC\RouterManager\ty2.02\Debug\CL.read.1.tlog
H:\Programming\vs2010\cpp\MFC\RouterManager\ty2.02\Debug\CL.write.1.tlog
H:\Programming\vs2010\cpp\MFC\RouterManager\ty2.02\Debug\link.1280.read.1.tlog
H:\Programming\vs2010\cpp\MFC\RouterManager\ty2.02\Debug\link.1280.write.1.tlog
H:\Programming\vs2010\cpp\MFC\RouterManager\ty2.02\Debug\link.1280-cvtres.read.1.tlog
H:\Programming\vs2010\cpp\MFC\RouterManager\ty2.02\Debug\link.1280-cvtres.write.1.tlog
H:\Programming\vs2010\cpp\MFC\RouterManager\ty2.02\Debug\link.7888.read.1.tlog
H:\Programming\vs2010\cpp\MFC\RouterManager\ty2.02\Debug\link.7888.write.1.tlog
H:\Programming\vs2010\cpp\MFC\RouterManager\ty2.02\Debug\link.7888-cvtres.read.1.tlog
H:\Programming\vs2010\cpp\MFC\RouterManager\ty2.02\Debug\link.7888-cvtres.write.1.tlog
H:\Programming\vs2010\cpp\MFC\RouterManager\ty2.02\Debug\link.9788.read.1.tlog
H:\Programming\vs2010\cpp\MFC\RouterManager\ty2.02\Debug\link.9788.write.1.tlog
H:\Programming\vs2010\cpp\MFC\RouterManager\ty2.02\Debug\link.9788-cvtres.read.1.tlog
H:\Programming\vs2010\cpp\MFC\RouterManager\ty2.02\Debug\link.9788-cvtres.write.1.tlog
H:\Programming\vs2010\cpp\MFC\RouterManager\ty2.02\Debug\link.command.1.tlog
H:\Programming\vs2010\cpp\MFC\RouterManager\ty2.02\Debug\link.read.1.tlog
H:\Programming\vs2010\cpp\MFC\RouterManager\ty2.02\Debug\link.write.1.tlog
H:\Programming\vs2010\cpp\MFC\RouterManager\ty2.02\Debug\link-cvtres.read.1.tlog
H:\Programming\vs2010\cpp\MFC\RouterManager\ty2.02\Debug\link-cvtres.write.1.tlog
H:\Programming\vs2010\cpp\MFC\RouterManager\ty2.02\Debug\mt.command.1.tlog
H:\Programming\vs2010\cpp\MFC\RouterManager\ty2.02\Debug\mt.read.1.tlog
H:\Programming\vs2010\cpp\MFC\RouterManager\ty2.02\Debug\mt.write.1.tlog
H:\Programming\vs2010\cpp\MFC\RouterManager\ty2.02\Debug\rc.command.1.tlog
H:\Programming\vs2010\cpp\MFC\RouterManager\ty2.02\Debug\rc.read.1.tlog
H:\Programming\vs2010\cpp\MFC\RouterManager\ty2.02\Debug\rc.write.1.tlog
H:\PROGRAMMING\VS2010\CPP\MFC\ROUTERMANAGER\TY2.02\DEBUG\STDAFX.OBJ
H:\PROGRAMMING\VS2010\CPP\MFC\ROUTERMANAGER\TY2.02\DEBUG\TELECOM.OBJ
H:\PROGRAMMING\VS2010\CPP\MFC\ROUTERMANAGER\TY2.02\DEBUG\TY2.02.DLL.EMBED.MANIFEST
H:\PROGRAMMING\VS2010\CPP\MFC\ROUTERMANAGER\TY2.02\DEBUG\TY2.02.DLL.EMBED.MANIFEST.RES
H:\PROGRAMMING\VS2010\CPP\MFC\ROUTERMANAGER\TY2.02\DEBUG\TY2.02.DLL.INTERMEDIATE.MANIFEST
H:\PROGRAMMING\VS2010\CPP\MFC\ROUTERMANAGER\TY2.02\DEBUG\TY2.02.OBJ
H:\PROGRAMMING\VS2010\CPP\MFC\ROUTERMANAGER\TY2.02\DEBUG\TY2.02.PCH
H:\PROGRAMMING\VS2010\CPP\MFC\ROUTERMANAGER\TY2.02\DEBUG\TY2.02.RES
H:\Programming\vs2010\cpp\MFC\RouterManager\ty2.02\Debug\ty2.02.write.1.tlog
H:\Programming\vs2010\cpp\MFC\RouterManager\ty2.02\Debug\ty2.02_manifest.rc
H:\Programming\vs2010\cpp\MFC\RouterManager\ty2.02\Debug\vc100.idb
H:\PROGRAMMING\VS2010\CPP\MFC\ROUTERMANAGER\TY2.02\DEBUG\VC100.PDB
