生成启动时间为 2015-09-16 21:48:43。
     1>项目“H:\Programming\vs2010\cpp\MFC\RouterManager\ty2.02\ty2.02.vcxproj”在节点 2 上(build 个目标)。
     1>C:\Program Files\MSBuild\Microsoft.Cpp\v4.0\Microsoft.CppBuild.targets(299,5): warning MSB8004: Output 目录未以斜杠结尾。此生成实例将添加斜杠，因为必须有这个斜杠才能正确计算 Output 目录。
     1>InitializeBuildStatus:
         正在创建“Debug\ty2.02.unsuccessfulbuild”，因为已指定“AlwaysCreate”。
       ClCompile:
         E:\Program Files (x86)\Microsoft Visual Studio 10.0\VC\bin\CL.exe /c /ZI /nologo /W3 /WX- /Od /Oy- /D WIN32 /D _WINDOWS /D _DEBUG /D _USRDLL /D _WINDLL /D _UNICODE /D UNICODE /D _AFXDLL /Gm /EHsc /RTC1 /MDd /GS /fp:precise /Zc:wchar_t /Zc:forScope /Yc"StdAfx.h" /Fp"Debug\ty2.02.pch" /Fo"Debug\\" /Fd"Debug\vc100.pdb" /Gd /TP /analyze- /errorReport:prompt stdafx.cpp
         stdafx.cpp
         E:\Program Files (x86)\Microsoft Visual Studio 10.0\VC\bin\CL.exe /c /ZI /nologo /W3 /WX- /Od /Oy- /D WIN32 /D _WINDOWS /D _DEBUG /D _USRDLL /D _WINDLL /D _UNICODE /D UNICODE /D _AFXDLL /Gm /EHsc /RTC1 /MDd /GS /fp:precise /Zc:wchar_t /Zc:forScope /Yu"StdAfx.h" /Fp"Debug\ty2.02.pch" /Fo"Debug\\" /Fd"Debug\vc100.pdb" /Gd /TP /analyze- /errorReport:prompt ty2.02.cpp
         ty2.02.cpp
       ResourceCompile:
         C:\Program Files\Microsoft SDKs\Windows\v7.0A\bin\rc.exe /D _DEBUG /D _UNICODE /D UNICODE /D _AFXDLL /l"0x0804" /IDebug\ /nologo /fo"Debug\ty2.02.res" ty2.02.rc 
       ManifestResourceCompile:
         C:\Program Files\Microsoft SDKs\Windows\v7.0A\bin\rc.exe /nologo /fo"Debug\ty2.02.dll.embed.manifest.res" Debug\ty2.02_manifest.rc 
       Link:
         E:\Program Files (x86)\Microsoft Visual Studio 10.0\VC\bin\link.exe /ERRORREPORT:PROMPT /OUT:"..\Debug\Plugins\ty2.02.dll" /INCREMENTAL /NOLOGO /DEF:".\ty2.02.def" /MANIFEST /ManifestFile:"Debug\ty2.02.dll.intermediate.manifest" /MANIFESTUAC:"level='asInvoker' uiAccess='false'" /DEBUG /PDB:"H:\Programming\vs2010\cpp\MFC\RouterManager\Debug\Plugins\ty2.02.pdb" /SUBSYSTEM:WINDOWS /TLBID:1 /DYNAMICBASE /NXCOMPAT /IMPLIB:"..\Debug\Plugins\ty2.02.lib" /MACHINE:X86 /DLL Debug\ty2.02.res
         Debug\ty2.02.dll.embed.manifest.res
         Debug\stdafx.obj
         Debug\ty2.02.obj
            正在创建库 ..\Debug\Plugins\ty2.02.lib 和对象 ..\Debug\Plugins\ty2.02.exp
       Manifest:
         C:\Program Files\Microsoft SDKs\Windows\v7.0A\bin\mt.exe /nologo /verbose /out:"Debug\ty2.02.dll.embed.manifest" /manifest Debug\ty2.02.dll.intermediate.manifest "E:\Program Files (x86)\Microsoft Visual Studio 10.0\VC\Include\Manifest\dpiaware.manifest"
         C:\Program Files\Microsoft SDKs\Windows\v7.0A\bin\rc.exe /nologo /fo"Debug\ty2.02.dll.embed.manifest.res" Debug\ty2.02_manifest.rc 
       LinkEmbedManifest:
         E:\Program Files (x86)\Microsoft Visual Studio 10.0\VC\bin\link.exe /ERRORREPORT:PROMPT /OUT:"..\Debug\Plugins\ty2.02.dll" /INCREMENTAL /NOLOGO /DEF:".\ty2.02.def" /MANIFEST /ManifestFile:"Debug\ty2.02.dll.intermediate.manifest" /MANIFESTUAC:"level='asInvoker' uiAccess='false'" /DEBUG /PDB:"H:\Programming\vs2010\cpp\MFC\RouterManager\Debug\Plugins\ty2.02.pdb" /SUBSYSTEM:WINDOWS /TLBID:1 /DYNAMICBASE /NXCOMPAT /IMPLIB:"..\Debug\Plugins\ty2.02.lib" /MACHINE:X86 /DLL Debug\ty2.02.res
         Debug\ty2.02.dll.embed.manifest.res
         Debug\stdafx.obj
         Debug\ty2.02.obj
            正在创建库 ..\Debug\Plugins\ty2.02.lib 和对象 ..\Debug\Plugins\ty2.02.exp
         ty2.02.vcxproj -> H:\Programming\vs2010\cpp\MFC\RouterManager\ty2.02\..\Debug\Plugins\ty2.02.dll
       FinalizeBuildStatus:
         正在删除文件“Debug\ty2.02.unsuccessfulbuild”。
         正在对“Debug\ty2.02.lastbuildstate”执行 Touch 任务。
     1>已完成生成项目“H:\Programming\vs2010\cpp\MFC\RouterManager\ty2.02\ty2.02.vcxproj”(build 个目标)的操作。

生成成功。

已用时间 00:00:05.23
