生成启动时间为 2016/11/26 22:46:52。
     1>项目“H:\Programming\vs2010\cpp\MFC\RouterManager\Common\Common.vcxproj”在节点 2 上(build 个目标)。
     1>InitializeBuildStatus:
         正在创建“Debug\Common.unsuccessfulbuild”，因为已指定“AlwaysCreate”。
       Midl:
         所有输出均为最新。
       ClCompile:
         所有输出均为最新。
         E:\Program Files (x86)\Microsoft Visual Studio 10.0\VC\bin\CL.exe /c /ZI /nologo /W3 /WX- /Od /Oy- /D WIN32 /D _WINDOWS /D _DEBUG /D _USRDLL /D _WINDLL /D _UNICODE /D UNICODE /D _AFXDLL /Gm /EHsc /RTC1 /MD /GS /fp:precise /Zc:wchar_t /Zc:forScope /Yu"StdAfx.h" /Fp"Debug\Common.pch" /Fo"Debug\\" /Fd"Debug\vc100.pdb" /Gd /TP /analyze- /errorReport:prompt HeapFile.cpp
         HeapFile.cpp
       ResourceCompile:
         所有输出均为最新。
       ManifestResourceCompile:
         所有输出均为最新。
       Link:
         E:\Program Files (x86)\Microsoft Visual Studio 10.0\VC\bin\link.exe /ERRORREPORT:PROMPT /OUT:"H:\Programming\vs2010\cpp\MFC\RouterManager\Debug\Common.dll" /INCREMENTAL /NOLOGO /DEF:".\Common.def" /MANIFEST /ManifestFile:"Debug\Common.dll.intermediate.manifest" /MANIFESTUAC:"level='asInvoker' uiAccess='false'" /DEBUG /PDB:"H:\Programming\vs2010\cpp\MFC\RouterManager\Debug\Common.pdb" /SUBSYSTEM:WINDOWS /TLBID:1 /DYNAMICBASE /NXCOMPAT /IMPLIB:"H:\Programming\vs2010\cpp\MFC\RouterManager\Debug\Common.lib" /MACHINE:X86 /DLL Debug\Common.res
         Debug\Common.dll.embed.manifest.res
         Debug\CodeString.obj
         Debug\Common.obj
         Debug\Config.obj
         Debug\HeapFile.obj
         Debug\HtmlDocument.obj
         Debug\HttpSocket.obj
         Debug\HttpWebConnection.obj
         Debug\IniFile.obj
         Debug\Lan.obj
         Debug\MD5.obj
         Debug\NetworkAdapter.obj
         Debug\Picture.obj
         Debug\Ping.obj
         Debug\Random.obj
         Debug\RecordHeapFile.obj
         Debug\Reg.obj
         Debug\Regex.obj
         Debug\stdafx.obj
         Debug\StringEx.obj
         Debug\Thread.obj
         Debug\Udp.obj
         Debug\Update.obj
         Debug\WinConfig.obj
         Debug\Xml.obj
       Manifest:
         C:\Program Files\Microsoft SDKs\Windows\v7.0A\bin\mt.exe /nologo /verbose /out:"Debug\Common.dll.embed.manifest" /manifest Debug\Common.dll.intermediate.manifest "E:\Program Files (x86)\Microsoft Visual Studio 10.0\VC\Include\Manifest\dpiaware.manifest"
         所有输出均为最新。
       LinkEmbedManifest:
         所有输出均为最新。
         Common.vcxproj -> H:\Programming\vs2010\cpp\MFC\RouterManager\Debug\Common.dll
       RegisterOutput:
         regsvr32 /s "H:\Programming\vs2010\cpp\MFC\RouterManager\Debug\Common.dll"
       FinalizeBuildStatus:
         正在删除文件“Debug\Common.unsuccessfulbuild”。
         正在对“Debug\Common.lastbuildstate”执行 Touch 任务。
     1>已完成生成项目“H:\Programming\vs2010\cpp\MFC\RouterManager\Common\Common.vcxproj”(build 个目标)的操作。

生成成功。

已用时间 00:00:01.54
