H:\PROGRAMMING\VS2010\CPP\MFC\ROUTERMANAGER\COMMON\COMMON_H.H
H:\PROGRAMMING\VS2010\CPP\MFC\ROUTERMANAGER\COMMON\COMMON_I.C
H:\Programming\vs2010\cpp\MFC\RouterManager\Common\Debug\cl.command.1.tlog
H:\Programming\vs2010\cpp\MFC\RouterManager\Common\Debug\CL.read.1.tlog
H:\Programming\vs2010\cpp\MFC\RouterManager\Common\Debug\CL.write.1.tlog
H:\PROGRAMMING\VS2010\CPP\MFC\ROUTERMANAGER\COMMON\DEBUG\CODESTRING.OBJ
H:\PROGRAMMING\VS2010\CPP\MFC\ROUTERMANAGER\COMMON\DEBUG\COMMON.DLL.EMBED.MANIFEST
H:\PROGRAMMING\VS2010\CPP\MFC\ROUTERMANAGER\COMMON\DEBUG\COMMON.DLL.EMBED.MANIFEST.RES
H:\PROGRAMMING\VS2010\CPP\MFC\ROUTERMANAGER\COMMON\DEBUG\COMMON.DLL.INTERMEDIATE.MANIFEST
H:\PROGRAMMING\VS2010\CPP\MFC\ROUTERMANAGER\COMMON\DEBUG\COMMON.OBJ
H:\PROGRAMMING\VS2010\CPP\MFC\ROUTERMANAGER\COMMON\DEBUG\COMMON.PCH
H:\PROGRAMMING\VS2010\CPP\MFC\ROUTERMANAGER\COMMON\DEBUG\COMMON.RES
H:\PROGRAMMING\VS2010\CPP\MFC\ROUTERMANAGER\COMMON\DEBUG\COMMON.TLB
H:\Programming\vs2010\cpp\MFC\RouterManager\Common\Debug\Common.write.1.tlog
H:\Programming\vs2010\cpp\MFC\RouterManager\Common\Debug\Common_manifest.rc
H:\PROGRAMMING\VS2010\CPP\MFC\ROUTERMANAGER\COMMON\DEBUG\CONFIG.OBJ
H:\PROGRAMMING\VS2010\CPP\MFC\ROUTERMANAGER\COMMON\DEBUG\HTMLDOCUMENT.OBJ
H:\PROGRAMMING\VS2010\CPP\MFC\ROUTERMANAGER\COMMON\DEBUG\HTTPSOCKET.OBJ
H:\PROGRAMMING\VS2010\CPP\MFC\ROUTERMANAGER\COMMON\DEBUG\HTTPWEBCONNECTION.OBJ
H:\PROGRAMMING\VS2010\CPP\MFC\ROUTERMANAGER\COMMON\DEBUG\INIFILE.OBJ
H:\PROGRAMMING\VS2010\CPP\MFC\ROUTERMANAGER\COMMON\DEBUG\LAN.OBJ
H:\Programming\vs2010\cpp\MFC\RouterManager\Common\Debug\link.4128.read.1.tlog
H:\Programming\vs2010\cpp\MFC\RouterManager\Common\Debug\link.4128.write.1.tlog
H:\Programming\vs2010\cpp\MFC\RouterManager\Common\Debug\link.4128-cvtres.read.1.tlog
H:\Programming\vs2010\cpp\MFC\RouterManager\Common\Debug\link.4128-cvtres.write.1.tlog
H:\Programming\vs2010\cpp\MFC\RouterManager\Common\Debug\link.4660.read.1.tlog
H:\Programming\vs2010\cpp\MFC\RouterManager\Common\Debug\link.4660.write.1.tlog
H:\Programming\vs2010\cpp\MFC\RouterManager\Common\Debug\link.4660-cvtres.read.1.tlog
H:\Programming\vs2010\cpp\MFC\RouterManager\Common\Debug\link.4660-cvtres.write.1.tlog
H:\Programming\vs2010\cpp\MFC\RouterManager\Common\Debug\link.9560.read.1.tlog
H:\Programming\vs2010\cpp\MFC\RouterManager\Common\Debug\link.9560.write.1.tlog
H:\Programming\vs2010\cpp\MFC\RouterManager\Common\Debug\link.9560-cvtres.read.1.tlog
H:\Programming\vs2010\cpp\MFC\RouterManager\Common\Debug\link.9560-cvtres.write.1.tlog
H:\Programming\vs2010\cpp\MFC\RouterManager\Common\Debug\link.command.1.tlog
H:\Programming\vs2010\cpp\MFC\RouterManager\Common\Debug\link.read.1.tlog
H:\Programming\vs2010\cpp\MFC\RouterManager\Common\Debug\link.write.1.tlog
H:\Programming\vs2010\cpp\MFC\RouterManager\Common\Debug\link-cvtres.read.1.tlog
H:\Programming\vs2010\cpp\MFC\RouterManager\Common\Debug\link-cvtres.write.1.tlog
H:\PROGRAMMING\VS2010\CPP\MFC\ROUTERMANAGER\COMMON\DEBUG\MD5.OBJ
H:\Programming\vs2010\cpp\MFC\RouterManager\Common\Debug\midl.command.1.tlog
H:\Programming\vs2010\cpp\MFC\RouterManager\Common\Debug\midl.read.1.tlog
H:\Programming\vs2010\cpp\MFC\RouterManager\Common\Debug\midl.write.1.tlog
H:\Programming\vs2010\cpp\MFC\RouterManager\Common\Debug\midl-midlc.read.1.tlog
H:\Programming\vs2010\cpp\MFC\RouterManager\Common\Debug\midl-midlc.write.1.tlog
H:\Programming\vs2010\cpp\MFC\RouterManager\Common\Debug\midl-midlc-cl.read.1.tlog
H:\Programming\vs2010\cpp\MFC\RouterManager\Common\Debug\midl-midlc-cl.write.1.tlog
H:\Programming\vs2010\cpp\MFC\RouterManager\Common\Debug\msxml6.tlh
H:\Programming\vs2010\cpp\MFC\RouterManager\Common\Debug\msxml6.tli
H:\Programming\vs2010\cpp\MFC\RouterManager\Common\Debug\mt.command.1.tlog
H:\Programming\vs2010\cpp\MFC\RouterManager\Common\Debug\mt.read.1.tlog
H:\Programming\vs2010\cpp\MFC\RouterManager\Common\Debug\mt.write.1.tlog
H:\PROGRAMMING\VS2010\CPP\MFC\ROUTERMANAGER\COMMON\DEBUG\NETWORKADAPTER.OBJ
H:\PROGRAMMING\VS2010\CPP\MFC\ROUTERMANAGER\COMMON\DEBUG\PICTURE.OBJ
H:\PROGRAMMING\VS2010\CPP\MFC\ROUTERMANAGER\COMMON\DEBUG\PING.OBJ
H:\PROGRAMMING\VS2010\CPP\MFC\ROUTERMANAGER\COMMON\DEBUG\RANDOM.OBJ
H:\Programming\vs2010\cpp\MFC\RouterManager\Common\Debug\rc.command.1.tlog
H:\Programming\vs2010\cpp\MFC\RouterManager\Common\Debug\rc.read.1.tlog
H:\Programming\vs2010\cpp\MFC\RouterManager\Common\Debug\rc.write.1.tlog
H:\PROGRAMMING\VS2010\CPP\MFC\ROUTERMANAGER\COMMON\DEBUG\REG.OBJ
H:\PROGRAMMING\VS2010\CPP\MFC\ROUTERMANAGER\COMMON\DEBUG\REGEX.OBJ
H:\PROGRAMMING\VS2010\CPP\MFC\ROUTERMANAGER\COMMON\DEBUG\STDAFX.OBJ
H:\PROGRAMMING\VS2010\CPP\MFC\ROUTERMANAGER\COMMON\DEBUG\STRINGEX.OBJ
H:\PROGRAMMING\VS2010\CPP\MFC\ROUTERMANAGER\COMMON\DEBUG\THREAD.OBJ
H:\PROGRAMMING\VS2010\CPP\MFC\ROUTERMANAGER\COMMON\DEBUG\UDP.OBJ
H:\PROGRAMMING\VS2010\CPP\MFC\ROUTERMANAGER\COMMON\DEBUG\UPDATE.OBJ
H:\Programming\vs2010\cpp\MFC\RouterManager\Common\Debug\vc100.idb
H:\PROGRAMMING\VS2010\CPP\MFC\ROUTERMANAGER\COMMON\DEBUG\VC100.PDB
H:\PROGRAMMING\VS2010\CPP\MFC\ROUTERMANAGER\COMMON\DEBUG\WINCONFIG.OBJ
H:\PROGRAMMING\VS2010\CPP\MFC\ROUTERMANAGER\COMMON\DEBUG\XML.OBJ
H:\PROGRAMMING\VS2010\CPP\MFC\ROUTERMANAGER\DEBUG\COMMON.DLL
H:\Programming\vs2010\cpp\MFC\RouterManager\Debug\Common.exp
H:\PROGRAMMING\VS2010\CPP\MFC\ROUTERMANAGER\DEBUG\COMMON.ILK
H:\Programming\vs2010\cpp\MFC\RouterManager\Debug\Common.lib
H:\PROGRAMMING\VS2010\CPP\MFC\ROUTERMANAGER\DEBUG\COMMON.PDB
