H:\PROGRAMMING\VS2010\CPP\MFC\ROUTERMANAGER\DEBUG\UPDATE.EXE
H:\Programming\vs2010\cpp\MFC\RouterManager\Debug\Update.exp
H:\PROGRAMMING\VS2010\CPP\MFC\ROUTERMANAGER\DEBUG\UPDATE.ILK
H:\Programming\vs2010\cpp\MFC\RouterManager\Debug\Update.lib
H:\PROGRAMMING\VS2010\CPP\MFC\ROUTERMANAGER\DEBUG\UPDATE.PDB
H:\Programming\vs2010\cpp\MFC\RouterManager\Update\Debug\cl.command.1.tlog
H:\Programming\vs2010\cpp\MFC\RouterManager\Update\Debug\CL.read.1.tlog
H:\Programming\vs2010\cpp\MFC\RouterManager\Update\Debug\CL.write.1.tlog
H:\Programming\vs2010\cpp\MFC\RouterManager\Update\Debug\link.command.1.tlog
H:\Programming\vs2010\cpp\MFC\RouterManager\Update\Debug\link.read.1.tlog
H:\Programming\vs2010\cpp\MFC\RouterManager\Update\Debug\link.write.1.tlog
H:\Programming\vs2010\cpp\MFC\RouterManager\Update\Debug\link-cvtres.read.1.tlog
H:\Programming\vs2010\cpp\MFC\RouterManager\Update\Debug\link-cvtres.write.1.tlog
H:\Programming\vs2010\cpp\MFC\RouterManager\Update\Debug\msxml6.tlh
H:\Programming\vs2010\cpp\MFC\RouterManager\Update\Debug\msxml6.tli
H:\Programming\vs2010\cpp\MFC\RouterManager\Update\Debug\mt.command.1.tlog
H:\Programming\vs2010\cpp\MFC\RouterManager\Update\Debug\mt.read.1.tlog
H:\Programming\vs2010\cpp\MFC\RouterManager\Update\Debug\mt.write.1.tlog
H:\Programming\vs2010\cpp\MFC\RouterManager\Update\Debug\rc.command.1.tlog
H:\Programming\vs2010\cpp\MFC\RouterManager\Update\Debug\rc.read.1.tlog
H:\Programming\vs2010\cpp\MFC\RouterManager\Update\Debug\rc.write.1.tlog
H:\PROGRAMMING\VS2010\CPP\MFC\ROUTERMANAGER\UPDATE\DEBUG\STDAFX.OBJ
H:\PROGRAMMING\VS2010\CPP\MFC\ROUTERMANAGER\UPDATE\DEBUG\UPDATE.EXE.EMBED.MANIFEST
H:\PROGRAMMING\VS2010\CPP\MFC\ROUTERMANAGER\UPDATE\DEBUG\UPDATE.EXE.EMBED.MANIFEST.RES
H:\PROGRAMMING\VS2010\CPP\MFC\ROUTERMANAGER\UPDATE\DEBUG\UPDATE.EXE.INTERMEDIATE.MANIFEST
H:\PROGRAMMING\VS2010\CPP\MFC\ROUTERMANAGER\UPDATE\DEBUG\UPDATE.OBJ
H:\PROGRAMMING\VS2010\CPP\MFC\ROUTERMANAGER\UPDATE\DEBUG\UPDATE.PCH
H:\PROGRAMMING\VS2010\CPP\MFC\ROUTERMANAGER\UPDATE\DEBUG\UPDATE.RES
H:\Programming\vs2010\cpp\MFC\RouterManager\Update\Debug\Update.write.1.tlog
H:\Programming\vs2010\cpp\MFC\RouterManager\Update\Debug\Update_manifest.rc
H:\PROGRAMMING\VS2010\CPP\MFC\ROUTERMANAGER\UPDATE\DEBUG\UPDATEDLG.OBJ
H:\Programming\vs2010\cpp\MFC\RouterManager\Update\Debug\vc100.idb
H:\PROGRAMMING\VS2010\CPP\MFC\ROUTERMANAGER\UPDATE\DEBUG\VC100.PDB
