H:\PROGRAMMING\VS2010\CPP\MFC\ROUTERMANAGER\COMMON\COMMON_H.H
H:\PROGRAMMING\VS2010\CPP\MFC\ROUTERMANAGER\COMMON\COMMON_I.C
H:\Programming\vs2010\cpp\MFC\RouterManager\Common\Release\cl.command.1.tlog
H:\Programming\vs2010\cpp\MFC\RouterManager\Common\Release\CL.read.1.tlog
H:\Programming\vs2010\cpp\MFC\RouterManager\Common\Release\CL.write.1.tlog
H:\PROGRAMMING\VS2010\CPP\MFC\ROUTERMANAGER\COMMON\RELEASE\CODESTRING.OBJ
H:\PROGRAMMING\VS2010\CPP\MFC\ROUTERMANAGER\COMMON\RELEASE\COMMON.DLL.INTERMEDIATE.MANIFEST
H:\PROGRAMMING\VS2010\CPP\MFC\ROUTERMANAGER\COMMON\RELEASE\COMMON.OBJ
H:\PROGRAMMING\VS2010\CPP\MFC\ROUTERMANAGER\COMMON\RELEASE\COMMON.PCH
H:\PROGRAMMING\VS2010\CPP\MFC\ROUTERMANAGER\COMMON\RELEASE\COMMON.RES
H:\PROGRAMMING\VS2010\CPP\MFC\ROUTERMANAGER\COMMON\RELEASE\COMMON.TLB
H:\Programming\vs2010\cpp\MFC\RouterManager\Common\Release\Common.write.1.tlog
H:\PROGRAMMING\VS2010\CPP\MFC\ROUTERMANAGER\COMMON\RELEASE\CONFIG.OBJ
H:\PROGRAMMING\VS2010\CPP\MFC\ROUTERMANAGER\COMMON\RELEASE\HTMLDOCUMENT.OBJ
H:\PROGRAMMING\VS2010\CPP\MFC\ROUTERMANAGER\COMMON\RELEASE\HTTPSOCKET.OBJ
H:\PROGRAMMING\VS2010\CPP\MFC\ROUTERMANAGER\COMMON\RELEASE\HTTPWEBCONNECTION.OBJ
H:\PROGRAMMING\VS2010\CPP\MFC\ROUTERMANAGER\COMMON\RELEASE\INIFILE.OBJ
H:\PROGRAMMING\VS2010\CPP\MFC\ROUTERMANAGER\COMMON\RELEASE\LAN.OBJ
H:\Programming\vs2010\cpp\MFC\RouterManager\Common\Release\link.command.1.tlog
H:\Programming\vs2010\cpp\MFC\RouterManager\Common\Release\link.read.1.tlog
H:\Programming\vs2010\cpp\MFC\RouterManager\Common\Release\link.write.1.tlog
H:\Programming\vs2010\cpp\MFC\RouterManager\Common\Release\link-cvtres.read.1.tlog
H:\Programming\vs2010\cpp\MFC\RouterManager\Common\Release\link-cvtres.write.1.tlog
H:\PROGRAMMING\VS2010\CPP\MFC\ROUTERMANAGER\COMMON\RELEASE\MD5.OBJ
H:\Programming\vs2010\cpp\MFC\RouterManager\Common\Release\midl.command.1.tlog
H:\Programming\vs2010\cpp\MFC\RouterManager\Common\Release\midl.read.1.tlog
H:\Programming\vs2010\cpp\MFC\RouterManager\Common\Release\midl.write.1.tlog
H:\Programming\vs2010\cpp\MFC\RouterManager\Common\Release\midl-midlc.read.1.tlog
H:\Programming\vs2010\cpp\MFC\RouterManager\Common\Release\midl-midlc.write.1.tlog
H:\Programming\vs2010\cpp\MFC\RouterManager\Common\Release\midl-midlc-cl.read.1.tlog
H:\Programming\vs2010\cpp\MFC\RouterManager\Common\Release\midl-midlc-cl.write.1.tlog
H:\Programming\vs2010\cpp\MFC\RouterManager\Common\Release\msxml6.tlh
H:\Programming\vs2010\cpp\MFC\RouterManager\Common\Release\msxml6.tli
H:\Programming\vs2010\cpp\MFC\RouterManager\Common\Release\mt.command.1.tlog
H:\Programming\vs2010\cpp\MFC\RouterManager\Common\Release\mt.read.1.tlog
H:\Programming\vs2010\cpp\MFC\RouterManager\Common\Release\mt.write.1.tlog
H:\PROGRAMMING\VS2010\CPP\MFC\ROUTERMANAGER\COMMON\RELEASE\NETWORKADAPTER.OBJ
H:\PROGRAMMING\VS2010\CPP\MFC\ROUTERMANAGER\COMMON\RELEASE\PICTURE.OBJ
H:\PROGRAMMING\VS2010\CPP\MFC\ROUTERMANAGER\COMMON\RELEASE\PING.OBJ
H:\PROGRAMMING\VS2010\CPP\MFC\ROUTERMANAGER\COMMON\RELEASE\RANDOM.OBJ
H:\Programming\vs2010\cpp\MFC\RouterManager\Common\Release\rc.command.1.tlog
H:\Programming\vs2010\cpp\MFC\RouterManager\Common\Release\rc.read.1.tlog
H:\Programming\vs2010\cpp\MFC\RouterManager\Common\Release\rc.write.1.tlog
H:\PROGRAMMING\VS2010\CPP\MFC\ROUTERMANAGER\COMMON\RELEASE\REG.OBJ
H:\PROGRAMMING\VS2010\CPP\MFC\ROUTERMANAGER\COMMON\RELEASE\REGEX.OBJ
H:\PROGRAMMING\VS2010\CPP\MFC\ROUTERMANAGER\COMMON\RELEASE\STDAFX.OBJ
H:\PROGRAMMING\VS2010\CPP\MFC\ROUTERMANAGER\COMMON\RELEASE\STRINGEX.OBJ
H:\PROGRAMMING\VS2010\CPP\MFC\ROUTERMANAGER\COMMON\RELEASE\THREAD.OBJ
H:\PROGRAMMING\VS2010\CPP\MFC\ROUTERMANAGER\COMMON\RELEASE\UDP.OBJ
H:\PROGRAMMING\VS2010\CPP\MFC\ROUTERMANAGER\COMMON\RELEASE\UPDATE.OBJ
H:\PROGRAMMING\VS2010\CPP\MFC\ROUTERMANAGER\COMMON\RELEASE\USER.OBJ
H:\PROGRAMMING\VS2010\CPP\MFC\ROUTERMANAGER\COMMON\RELEASE\VC100.PDB
H:\PROGRAMMING\VS2010\CPP\MFC\ROUTERMANAGER\COMMON\RELEASE\XML.OBJ
H:\PROGRAMMING\VS2010\CPP\MFC\ROUTERMANAGER\RELEASE\COMMON.DLL
H:\Programming\vs2010\cpp\MFC\RouterManager\Release\Common.exp
H:\Programming\vs2010\cpp\MFC\RouterManager\Release\Common.lib
H:\PROGRAMMING\VS2010\CPP\MFC\ROUTERMANAGER\RELEASE\COMMON.PDB
