生成启动时间为 2015-10-01 18:21:13。
     1>项目“H:\Programming\vs2010\cpp\MFC\RouterManager\Common\Common.vcxproj”在节点 2 上(build 个目标)。
     1>InitializeBuildStatus:
         正在创建“Release\Common.unsuccessfulbuild”，因为已指定“AlwaysCreate”。
       Midl:
         所有输出均为最新。
       ClCompile:
         所有输出均为最新。
         E:\Program Files (x86)\Microsoft Visual Studio 10.0\VC\bin\CL.exe /c /Zi /nologo /W3 /WX- /O2 /Oi /Oy- /GL /D WIN32 /D _WINDOWS /D NDEBUG /D _USRDLL /D _WINDLL /D _UNICODE /D UNICODE /D _AFXDLL /Gm- /EHsc /MD /GS /Gy /fp:precise /Zc:wchar_t /Zc:forScope /Yu"StdAfx.h" /Fp"Release\Common.pch" /Fo"Release\\" /Fd"Release\vc100.pdb" /Gd /TP /analyze- /errorReport:prompt Common.cpp HtmlDocument.cpp HttpWebConnection.cpp NetworkAdapter.cpp Reg.cpp StringEx.cpp Udp.cpp Update.cpp Xml.cpp
         Common.cpp
         HtmlDocument.cpp
     1>HtmlDocument.cpp(42): warning C4018: “>”: 有符号/无符号不匹配
         HttpWebConnection.cpp
     1>HttpWebConnection.cpp(57): warning C4244: “=”: 从“wchar_t”转换到“BYTE”，可能丢失数据
         NetworkAdapter.cpp
         Reg.cpp
         StringEx.cpp
     1>StringEx.cpp(60): warning C4018: “<”: 有符号/无符号不匹配
     1>StringEx.cpp(131): warning C4018: “<”: 有符号/无符号不匹配
         Udp.cpp
         Update.cpp
     1>Update.cpp(46): warning C4244: “=”: 从“long”转换到“BYTE”，可能丢失数据
     1>Update.cpp(47): warning C4244: “=”: 从“long”转换到“BYTE”，可能丢失数据
     1>Update.cpp(48): warning C4244: “=”: 从“long”转换到“BYTE”，可能丢失数据
     1>Update.cpp(128): warning C4244: “=”: 从“WORD”转换到“BYTE”，可能丢失数据
     1>Update.cpp(129): warning C4244: “=”: 从“WORD”转换到“BYTE”，可能丢失数据
     1>Update.cpp(130): warning C4244: “=”: 从“WORD”转换到“BYTE”，可能丢失数据
     1>Update.cpp(141): warning C4244: “=”: 从“ULONGLONG”转换到“ULONG”，可能丢失数据
         Xml.cpp
     1>Xml.cpp(41): warning C4244: “初始化”: 从“ULONGLONG”转换到“unsigned int”，可能丢失数据
     1>Xml.cpp(42): warning C4244: “参数”: 从“ULONGLONG”转换到“UINT”，可能丢失数据
       ResourceCompile:
         所有输出均为最新。
       Link:
         E:\Program Files (x86)\Microsoft Visual Studio 10.0\VC\bin\link.exe /ERRORREPORT:PROMPT /OUT:"H:\Programming\vs2010\cpp\MFC\RouterManager\Release\Common.dll" /INCREMENTAL:NO /NOLOGO /DEF:".\Common.def" /MANIFEST /ManifestFile:"Release\Common.dll.intermediate.manifest" /MANIFESTUAC:"level='asInvoker' uiAccess='false'" /DEBUG /PDB:"H:\Programming\vs2010\cpp\MFC\RouterManager\Release\Common.pdb" /SUBSYSTEM:WINDOWS /OPT:REF /OPT:ICF /LTCG /TLBID:1 /DYNAMICBASE /NXCOMPAT /IMPLIB:"H:\Programming\vs2010\cpp\MFC\RouterManager\Release\Common.lib" /MACHINE:X86 /DLL Release\Common.res
         Release\CodeString.obj
         Release\Common.obj
         Release\Config.obj
         Release\HtmlDocument.obj
         Release\HttpSocket.obj
         Release\HttpWebConnection.obj
         Release\IniFile.obj
         Release\Lan.obj
         Release\MD5.obj
         Release\NetworkAdapter.obj
         Release\Picture.obj
         Release\Ping.obj
         Release\Random.obj
         Release\Reg.obj
         Release\Regex.obj
         Release\stdafx.obj
         Release\StringEx.obj
         Release\Thread.obj
         Release\Udp.obj
         Release\Update.obj
         Release\Xml.obj
            正在创建库 H:\Programming\vs2010\cpp\MFC\RouterManager\Release\Common.lib 和对象 H:\Programming\vs2010\cpp\MFC\RouterManager\Release\Common.exp
         正在生成代码
     1>h:\programming\vs2010\cpp\mfc\routermanager\common\xml.cpp(380): warning C4700: 使用了未初始化的局部变量“text”
         已完成代码的生成
         Common.vcxproj -> H:\Programming\vs2010\cpp\MFC\RouterManager\Release\Common.dll
       Manifest:
         C:\Program Files\Microsoft SDKs\Windows\v7.0A\bin\mt.exe /nologo /verbose /outputresource:"H:\Programming\vs2010\cpp\MFC\RouterManager\Release\Common.dll;#2" /manifest Release\Common.dll.intermediate.manifest "E:\Program Files (x86)\Microsoft Visual Studio 10.0\VC\Include\Manifest\dpiaware.manifest"
       RegisterOutput:
         regsvr32 /s "H:\Programming\vs2010\cpp\MFC\RouterManager\Release\Common.dll"
       FinalizeBuildStatus:
         正在删除文件“Release\Common.unsuccessfulbuild”。
         正在对“Release\Common.lastbuildstate”执行 Touch 任务。
     1>已完成生成项目“H:\Programming\vs2010\cpp\MFC\RouterManager\Common\Common.vcxproj”(build 个目标)的操作。

生成成功。

已用时间 00:00:17.23
