生成启动时间为 2016/11/28 18:12:31。
     1>项目“H:\Programming\vs2010\cpp\MFC\RouterManager\Debuger\Debuger.vcxproj”在节点 2 上(build 个目标)。
     1>InitializeBuildStatus:
         正在创建“Debug\Debuger.unsuccessfulbuild”，因为已指定“AlwaysCreate”。
       ClCompile:
         所有输出均为最新。
         E:\Program Files (x86)\Microsoft Visual Studio 10.0\VC\bin\CL.exe /c /ZI /nologo /W3 /WX- /Od /Oy- /D WIN32 /D _WINDOWS /D _DEBUG /D _UNICODE /D UNICODE /D _AFXDLL /Gm /EHsc /RTC1 /MDd /GS /fp:precise /Zc:wchar_t /Zc:forScope /Yu"StdAfx.h" /Fp"Debug\Debuger.pch" /Fo"Debug\\" /Fd"Debug\vc100.pdb" /Gd /TP /analyze- /errorReport:prompt DebugerDlg.cpp
         DebugerDlg.cpp
       ResourceCompile:
         所有输出均为最新。
       ManifestResourceCompile:
         所有输出均为最新。
       Link:
         E:\Program Files (x86)\Microsoft Visual Studio 10.0\VC\bin\link.exe /ERRORREPORT:PROMPT /OUT:"H:\Programming\vs2010\cpp\MFC\RouterManager\Debug\Debuger.exe" /INCREMENTAL /NOLOGO /MANIFEST /ManifestFile:"Debug\Debuger.exe.intermediate.manifest" /MANIFESTUAC:"level='asInvoker' uiAccess='false'" /DEBUG /PDB:"H:\Programming\vs2010\cpp\MFC\RouterManager\Debug\Debuger.pdb" /SUBSYSTEM:WINDOWS /TLBID:1 /ENTRY:"wWinMainCRTStartup" /DYNAMICBASE /NXCOMPAT /IMPLIB:"H:\Programming\vs2010\cpp\MFC\RouterManager\Debug\Debuger.lib" /MACHINE:X86 Debug\Debuger.res
         Debug\Debuger.exe.embed.manifest.res
         Debug\HeapFile.obj
         Debug\HtmlDocument.obj
         Debug\HtmlLabel.obj
         Debug\RecordHeapFile.obj
         Debug\Debuger.obj
         Debug\DebugerDlg.obj
         Debug\stdafx.obj
         Debug\StrParallelCmp.obj
         Debug\WebBrowser1.obj
       Manifest:
         C:\Program Files\Microsoft SDKs\Windows\v7.0A\bin\mt.exe /nologo /verbose /out:"Debug\Debuger.exe.embed.manifest" /manifest Debug\Debuger.exe.intermediate.manifest "E:\Program Files (x86)\Microsoft Visual Studio 10.0\VC\Include\Manifest\dpiaware.manifest"
         所有输出均为最新。
       LinkEmbedManifest:
         所有输出均为最新。
         Debuger.vcxproj -> H:\Programming\vs2010\cpp\MFC\RouterManager\Debug\Debuger.exe
       FinalizeBuildStatus:
         正在删除文件“Debug\Debuger.unsuccessfulbuild”。
         正在对“Debug\Debuger.lastbuildstate”执行 Touch 任务。
     1>已完成生成项目“H:\Programming\vs2010\cpp\MFC\RouterManager\Debuger\Debuger.vcxproj”(build 个目标)的操作。

生成成功。

已用时间 00:00:01.64
