H:\PROGRAMMING\VS2010\CPP\MFC\ROUTERMANAGER\DEBUG\DEBUGER.EXE
H:\Programming\vs2010\cpp\MFC\RouterManager\Debug\Debuger.exp
H:\PROGRAMMING\VS2010\CPP\MFC\ROUTERMANAGER\DEBUG\DEBUGER.ILK
H:\Programming\vs2010\cpp\MFC\RouterManager\Debug\Debuger.lib
H:\PROGRAMMING\VS2010\CPP\MFC\ROUTERMANAGER\DEBUG\DEBUGER.PDB
H:\PROGRAMMING\VS2010\CPP\MFC\ROUTERMANAGER\DEBUGER\DEBUG\CHARCONTROL.OBJ
H:\PROGRAMMING\VS2010\CPP\MFC\ROUTERMANAGER\DEBUGER\DEBUG\CHARQUEUE.OBJ
H:\Programming\vs2010\cpp\MFC\RouterManager\Debuger\Debug\cl.command.1.tlog
H:\Programming\vs2010\cpp\MFC\RouterManager\Debuger\Debug\CL.read.1.tlog
H:\Programming\vs2010\cpp\MFC\RouterManager\Debuger\Debug\CL.write.1.tlog
H:\PROGRAMMING\VS2010\CPP\MFC\ROUTERMANAGER\DEBUGER\DEBUG\CSCRIPT.OBJ
H:\PROGRAMMING\VS2010\CPP\MFC\ROUTERMANAGER\DEBUGER\DEBUG\CSEXCEPTION.OBJ
H:\PROGRAMMING\VS2010\CPP\MFC\ROUTERMANAGER\DEBUGER\DEBUG\CSEXPRESSION.OBJ
H:\PROGRAMMING\VS2010\CPP\MFC\ROUTERMANAGER\DEBUGER\DEBUG\CSFUNCTION.OBJ
H:\PROGRAMMING\VS2010\CPP\MFC\ROUTERMANAGER\DEBUGER\DEBUG\CSMACRO.OBJ
H:\PROGRAMMING\VS2010\CPP\MFC\ROUTERMANAGER\DEBUGER\DEBUG\CSNAMESPACE.OBJ
H:\PROGRAMMING\VS2010\CPP\MFC\ROUTERMANAGER\DEBUGER\DEBUG\CSOPERATOR.OBJ
H:\PROGRAMMING\VS2010\CPP\MFC\ROUTERMANAGER\DEBUGER\DEBUG\CSSTATEMENT.OBJ
H:\PROGRAMMING\VS2010\CPP\MFC\ROUTERMANAGER\DEBUGER\DEBUG\CSSTRINGPARSER.OBJ
H:\PROGRAMMING\VS2010\CPP\MFC\ROUTERMANAGER\DEBUGER\DEBUG\CSSTRUCT.OBJ
H:\PROGRAMMING\VS2010\CPP\MFC\ROUTERMANAGER\DEBUGER\DEBUG\CSTYPEMANAGER.OBJ
H:\PROGRAMMING\VS2010\CPP\MFC\ROUTERMANAGER\DEBUGER\DEBUG\CSVAR.OBJ
H:\PROGRAMMING\VS2010\CPP\MFC\ROUTERMANAGER\DEBUGER\DEBUG\CSVARMANAGER.OBJ
H:\PROGRAMMING\VS2010\CPP\MFC\ROUTERMANAGER\DEBUGER\DEBUG\CSVARTYPE.OBJ
H:\PROGRAMMING\VS2010\CPP\MFC\ROUTERMANAGER\DEBUGER\DEBUG\DEBUGER.EXE.EMBED.MANIFEST
H:\PROGRAMMING\VS2010\CPP\MFC\ROUTERMANAGER\DEBUGER\DEBUG\DEBUGER.EXE.EMBED.MANIFEST.RES
H:\PROGRAMMING\VS2010\CPP\MFC\ROUTERMANAGER\DEBUGER\DEBUG\DEBUGER.EXE.INTERMEDIATE.MANIFEST
H:\PROGRAMMING\VS2010\CPP\MFC\ROUTERMANAGER\DEBUGER\DEBUG\DEBUGER.OBJ
H:\PROGRAMMING\VS2010\CPP\MFC\ROUTERMANAGER\DEBUGER\DEBUG\DEBUGER.PCH
H:\PROGRAMMING\VS2010\CPP\MFC\ROUTERMANAGER\DEBUGER\DEBUG\DEBUGER.RES
H:\Programming\vs2010\cpp\MFC\RouterManager\Debuger\Debug\Debuger.write.1.tlog
H:\Programming\vs2010\cpp\MFC\RouterManager\Debuger\Debug\Debuger_manifest.rc
H:\PROGRAMMING\VS2010\CPP\MFC\ROUTERMANAGER\DEBUGER\DEBUG\DEBUGERDLG.OBJ
H:\PROGRAMMING\VS2010\CPP\MFC\ROUTERMANAGER\DEBUGER\DEBUG\FUNCCHARCTRL.OBJ
H:\PROGRAMMING\VS2010\CPP\MFC\ROUTERMANAGER\DEBUGER\DEBUG\HEAPFILE.OBJ
H:\PROGRAMMING\VS2010\CPP\MFC\ROUTERMANAGER\DEBUGER\DEBUG\HUFFMANENCODING.OBJ
H:\PROGRAMMING\VS2010\CPP\MFC\ROUTERMANAGER\DEBUGER\DEBUG\INITCHARCONTROL.OBJ
H:\PROGRAMMING\VS2010\CPP\MFC\ROUTERMANAGER\DEBUGER\DEBUG\JAVASCRIPT.OBJ
H:\PROGRAMMING\VS2010\CPP\MFC\ROUTERMANAGER\DEBUGER\DEBUG\JSFUNCTION.OBJ
H:\PROGRAMMING\VS2010\CPP\MFC\ROUTERMANAGER\DEBUGER\DEBUG\JSNAMESPACE.OBJ
H:\PROGRAMMING\VS2010\CPP\MFC\ROUTERMANAGER\DEBUGER\DEBUG\JSSTATEMENT.OBJ
H:\PROGRAMMING\VS2010\CPP\MFC\ROUTERMANAGER\DEBUGER\DEBUG\JSVAR.OBJ
H:\Programming\vs2010\cpp\MFC\RouterManager\Debuger\Debug\link.10128.read.1.tlog
H:\Programming\vs2010\cpp\MFC\RouterManager\Debuger\Debug\link.10128.write.1.tlog
H:\Programming\vs2010\cpp\MFC\RouterManager\Debuger\Debug\link.10128-cvtres.read.1.tlog
H:\Programming\vs2010\cpp\MFC\RouterManager\Debuger\Debug\link.10128-cvtres.write.1.tlog
H:\Programming\vs2010\cpp\MFC\RouterManager\Debuger\Debug\link.1196.read.1.tlog
H:\Programming\vs2010\cpp\MFC\RouterManager\Debuger\Debug\link.1196.write.1.tlog
H:\Programming\vs2010\cpp\MFC\RouterManager\Debuger\Debug\link.1196-cvtres.read.1.tlog
H:\Programming\vs2010\cpp\MFC\RouterManager\Debuger\Debug\link.1196-cvtres.write.1.tlog
H:\Programming\vs2010\cpp\MFC\RouterManager\Debuger\Debug\link.1448.read.1.tlog
H:\Programming\vs2010\cpp\MFC\RouterManager\Debuger\Debug\link.1448.write.1.tlog
H:\Programming\vs2010\cpp\MFC\RouterManager\Debuger\Debug\link.1448-cvtres.read.1.tlog
H:\Programming\vs2010\cpp\MFC\RouterManager\Debuger\Debug\link.1448-cvtres.write.1.tlog
H:\Programming\vs2010\cpp\MFC\RouterManager\Debuger\Debug\link.1540.read.1.tlog
H:\Programming\vs2010\cpp\MFC\RouterManager\Debuger\Debug\link.1540.write.1.tlog
H:\Programming\vs2010\cpp\MFC\RouterManager\Debuger\Debug\link.1540-cvtres.read.1.tlog
H:\Programming\vs2010\cpp\MFC\RouterManager\Debuger\Debug\link.1540-cvtres.write.1.tlog
H:\Programming\vs2010\cpp\MFC\RouterManager\Debuger\Debug\link.1544.read.1.tlog
H:\Programming\vs2010\cpp\MFC\RouterManager\Debuger\Debug\link.1544.write.1.tlog
H:\Programming\vs2010\cpp\MFC\RouterManager\Debuger\Debug\link.1544-cvtres.read.1.tlog
H:\Programming\vs2010\cpp\MFC\RouterManager\Debuger\Debug\link.1544-cvtres.write.1.tlog
H:\Programming\vs2010\cpp\MFC\RouterManager\Debuger\Debug\link.2100.read.1.tlog
H:\Programming\vs2010\cpp\MFC\RouterManager\Debuger\Debug\link.2100.write.1.tlog
H:\Programming\vs2010\cpp\MFC\RouterManager\Debuger\Debug\link.2100-cvtres.read.1.tlog
H:\Programming\vs2010\cpp\MFC\RouterManager\Debuger\Debug\link.2100-cvtres.write.1.tlog
H:\Programming\vs2010\cpp\MFC\RouterManager\Debuger\Debug\link.2188.read.1.tlog
H:\Programming\vs2010\cpp\MFC\RouterManager\Debuger\Debug\link.2188.write.1.tlog
H:\Programming\vs2010\cpp\MFC\RouterManager\Debuger\Debug\link.2188-cvtres.read.1.tlog
H:\Programming\vs2010\cpp\MFC\RouterManager\Debuger\Debug\link.2188-cvtres.write.1.tlog
H:\Programming\vs2010\cpp\MFC\RouterManager\Debuger\Debug\link.2276.read.1.tlog
H:\Programming\vs2010\cpp\MFC\RouterManager\Debuger\Debug\link.2276.write.1.tlog
H:\Programming\vs2010\cpp\MFC\RouterManager\Debuger\Debug\link.2276-cvtres.read.1.tlog
H:\Programming\vs2010\cpp\MFC\RouterManager\Debuger\Debug\link.2276-cvtres.write.1.tlog
H:\Programming\vs2010\cpp\MFC\RouterManager\Debuger\Debug\link.2304.read.1.tlog
H:\Programming\vs2010\cpp\MFC\RouterManager\Debuger\Debug\link.2304.write.1.tlog
H:\Programming\vs2010\cpp\MFC\RouterManager\Debuger\Debug\link.2304-cvtres.read.1.tlog
H:\Programming\vs2010\cpp\MFC\RouterManager\Debuger\Debug\link.2304-cvtres.write.1.tlog
H:\Programming\vs2010\cpp\MFC\RouterManager\Debuger\Debug\link.2504.read.1.tlog
H:\Programming\vs2010\cpp\MFC\RouterManager\Debuger\Debug\link.2504.write.1.tlog
H:\Programming\vs2010\cpp\MFC\RouterManager\Debuger\Debug\link.2504-cvtres.read.1.tlog
H:\Programming\vs2010\cpp\MFC\RouterManager\Debuger\Debug\link.2504-cvtres.write.1.tlog
H:\Programming\vs2010\cpp\MFC\RouterManager\Debuger\Debug\link.2540.read.1.tlog
H:\Programming\vs2010\cpp\MFC\RouterManager\Debuger\Debug\link.2540.write.1.tlog
H:\Programming\vs2010\cpp\MFC\RouterManager\Debuger\Debug\link.2540-cvtres.read.1.tlog
H:\Programming\vs2010\cpp\MFC\RouterManager\Debuger\Debug\link.2540-cvtres.write.1.tlog
H:\Programming\vs2010\cpp\MFC\RouterManager\Debuger\Debug\link.2632.read.1.tlog
H:\Programming\vs2010\cpp\MFC\RouterManager\Debuger\Debug\link.2632.write.1.tlog
H:\Programming\vs2010\cpp\MFC\RouterManager\Debuger\Debug\link.2632-cvtres.read.1.tlog
H:\Programming\vs2010\cpp\MFC\RouterManager\Debuger\Debug\link.2632-cvtres.write.1.tlog
H:\Programming\vs2010\cpp\MFC\RouterManager\Debuger\Debug\link.2644.read.1.tlog
H:\Programming\vs2010\cpp\MFC\RouterManager\Debuger\Debug\link.2644.write.1.tlog
H:\Programming\vs2010\cpp\MFC\RouterManager\Debuger\Debug\link.2644-cvtres.read.1.tlog
H:\Programming\vs2010\cpp\MFC\RouterManager\Debuger\Debug\link.2644-cvtres.write.1.tlog
H:\Programming\vs2010\cpp\MFC\RouterManager\Debuger\Debug\link.2712.read.1.tlog
H:\Programming\vs2010\cpp\MFC\RouterManager\Debuger\Debug\link.2712.write.1.tlog
H:\Programming\vs2010\cpp\MFC\RouterManager\Debuger\Debug\link.2712-cvtres.read.1.tlog
H:\Programming\vs2010\cpp\MFC\RouterManager\Debuger\Debug\link.2712-cvtres.write.1.tlog
H:\Programming\vs2010\cpp\MFC\RouterManager\Debuger\Debug\link.284.read.1.tlog
H:\Programming\vs2010\cpp\MFC\RouterManager\Debuger\Debug\link.284.write.1.tlog
H:\Programming\vs2010\cpp\MFC\RouterManager\Debuger\Debug\link.284-cvtres.read.1.tlog
H:\Programming\vs2010\cpp\MFC\RouterManager\Debuger\Debug\link.284-cvtres.write.1.tlog
H:\Programming\vs2010\cpp\MFC\RouterManager\Debuger\Debug\link.288.read.1.tlog
H:\Programming\vs2010\cpp\MFC\RouterManager\Debuger\Debug\link.288.write.1.tlog
H:\Programming\vs2010\cpp\MFC\RouterManager\Debuger\Debug\link.288-cvtres.read.1.tlog
H:\Programming\vs2010\cpp\MFC\RouterManager\Debuger\Debug\link.288-cvtres.write.1.tlog
H:\Programming\vs2010\cpp\MFC\RouterManager\Debuger\Debug\link.3008.read.1.tlog
H:\Programming\vs2010\cpp\MFC\RouterManager\Debuger\Debug\link.3008.write.1.tlog
H:\Programming\vs2010\cpp\MFC\RouterManager\Debuger\Debug\link.3008-cvtres.read.1.tlog
H:\Programming\vs2010\cpp\MFC\RouterManager\Debuger\Debug\link.3008-cvtres.write.1.tlog
H:\Programming\vs2010\cpp\MFC\RouterManager\Debuger\Debug\link.3016.read.1.tlog
H:\Programming\vs2010\cpp\MFC\RouterManager\Debuger\Debug\link.3016.write.1.tlog
H:\Programming\vs2010\cpp\MFC\RouterManager\Debuger\Debug\link.3016-cvtres.read.1.tlog
H:\Programming\vs2010\cpp\MFC\RouterManager\Debuger\Debug\link.3016-cvtres.write.1.tlog
H:\Programming\vs2010\cpp\MFC\RouterManager\Debuger\Debug\link.3092.read.1.tlog
H:\Programming\vs2010\cpp\MFC\RouterManager\Debuger\Debug\link.3092.write.1.tlog
H:\Programming\vs2010\cpp\MFC\RouterManager\Debuger\Debug\link.3092-cvtres.read.1.tlog
H:\Programming\vs2010\cpp\MFC\RouterManager\Debuger\Debug\link.3092-cvtres.write.1.tlog
H:\Programming\vs2010\cpp\MFC\RouterManager\Debuger\Debug\link.3216.read.1.tlog
H:\Programming\vs2010\cpp\MFC\RouterManager\Debuger\Debug\link.3216.write.1.tlog
H:\Programming\vs2010\cpp\MFC\RouterManager\Debuger\Debug\link.3216-cvtres.read.1.tlog
H:\Programming\vs2010\cpp\MFC\RouterManager\Debuger\Debug\link.3216-cvtres.write.1.tlog
H:\Programming\vs2010\cpp\MFC\RouterManager\Debuger\Debug\link.3272.read.1.tlog
H:\Programming\vs2010\cpp\MFC\RouterManager\Debuger\Debug\link.3272.write.1.tlog
H:\Programming\vs2010\cpp\MFC\RouterManager\Debuger\Debug\link.3272-cvtres.read.1.tlog
H:\Programming\vs2010\cpp\MFC\RouterManager\Debuger\Debug\link.3272-cvtres.write.1.tlog
H:\Programming\vs2010\cpp\MFC\RouterManager\Debuger\Debug\link.3348.read.1.tlog
H:\Programming\vs2010\cpp\MFC\RouterManager\Debuger\Debug\link.3348.write.1.tlog
H:\Programming\vs2010\cpp\MFC\RouterManager\Debuger\Debug\link.3348-cvtres.read.1.tlog
H:\Programming\vs2010\cpp\MFC\RouterManager\Debuger\Debug\link.3348-cvtres.write.1.tlog
H:\Programming\vs2010\cpp\MFC\RouterManager\Debuger\Debug\link.348.read.1.tlog
H:\Programming\vs2010\cpp\MFC\RouterManager\Debuger\Debug\link.348.write.1.tlog
H:\Programming\vs2010\cpp\MFC\RouterManager\Debuger\Debug\link.348-cvtres.read.1.tlog
H:\Programming\vs2010\cpp\MFC\RouterManager\Debuger\Debug\link.348-cvtres.write.1.tlog
H:\Programming\vs2010\cpp\MFC\RouterManager\Debuger\Debug\link.3712.read.1.tlog
H:\Programming\vs2010\cpp\MFC\RouterManager\Debuger\Debug\link.3712.write.1.tlog
H:\Programming\vs2010\cpp\MFC\RouterManager\Debuger\Debug\link.3712-cvtres.read.1.tlog
H:\Programming\vs2010\cpp\MFC\RouterManager\Debuger\Debug\link.3712-cvtres.write.1.tlog
H:\Programming\vs2010\cpp\MFC\RouterManager\Debuger\Debug\link.3772.read.1.tlog
H:\Programming\vs2010\cpp\MFC\RouterManager\Debuger\Debug\link.3772.write.1.tlog
H:\Programming\vs2010\cpp\MFC\RouterManager\Debuger\Debug\link.3772-cvtres.read.1.tlog
H:\Programming\vs2010\cpp\MFC\RouterManager\Debuger\Debug\link.3772-cvtres.write.1.tlog
H:\Programming\vs2010\cpp\MFC\RouterManager\Debuger\Debug\link.3788.read.1.tlog
H:\Programming\vs2010\cpp\MFC\RouterManager\Debuger\Debug\link.3788.write.1.tlog
H:\Programming\vs2010\cpp\MFC\RouterManager\Debuger\Debug\link.3788-cvtres.read.1.tlog
H:\Programming\vs2010\cpp\MFC\RouterManager\Debuger\Debug\link.3788-cvtres.write.1.tlog
H:\Programming\vs2010\cpp\MFC\RouterManager\Debuger\Debug\link.4068.read.1.tlog
H:\Programming\vs2010\cpp\MFC\RouterManager\Debuger\Debug\link.4068.write.1.tlog
H:\Programming\vs2010\cpp\MFC\RouterManager\Debuger\Debug\link.4068-cvtres.read.1.tlog
H:\Programming\vs2010\cpp\MFC\RouterManager\Debuger\Debug\link.4068-cvtres.write.1.tlog
H:\Programming\vs2010\cpp\MFC\RouterManager\Debuger\Debug\link.4124.read.1.tlog
H:\Programming\vs2010\cpp\MFC\RouterManager\Debuger\Debug\link.4124.write.1.tlog
H:\Programming\vs2010\cpp\MFC\RouterManager\Debuger\Debug\link.4124-cvtres.read.1.tlog
H:\Programming\vs2010\cpp\MFC\RouterManager\Debuger\Debug\link.4124-cvtres.write.1.tlog
H:\Programming\vs2010\cpp\MFC\RouterManager\Debuger\Debug\link.4136.read.1.tlog
H:\Programming\vs2010\cpp\MFC\RouterManager\Debuger\Debug\link.4136.write.1.tlog
H:\Programming\vs2010\cpp\MFC\RouterManager\Debuger\Debug\link.4136-cvtres.read.1.tlog
H:\Programming\vs2010\cpp\MFC\RouterManager\Debuger\Debug\link.4136-cvtres.write.1.tlog
H:\Programming\vs2010\cpp\MFC\RouterManager\Debuger\Debug\link.4152.read.1.tlog
H:\Programming\vs2010\cpp\MFC\RouterManager\Debuger\Debug\link.4152.write.1.tlog
H:\Programming\vs2010\cpp\MFC\RouterManager\Debuger\Debug\link.4152-cvtres.read.1.tlog
H:\Programming\vs2010\cpp\MFC\RouterManager\Debuger\Debug\link.4152-cvtres.write.1.tlog
H:\Programming\vs2010\cpp\MFC\RouterManager\Debuger\Debug\link.4160.read.1.tlog
H:\Programming\vs2010\cpp\MFC\RouterManager\Debuger\Debug\link.4160.write.1.tlog
H:\Programming\vs2010\cpp\MFC\RouterManager\Debuger\Debug\link.4160-cvtres.read.1.tlog
H:\Programming\vs2010\cpp\MFC\RouterManager\Debuger\Debug\link.4160-cvtres.write.1.tlog
H:\Programming\vs2010\cpp\MFC\RouterManager\Debuger\Debug\link.4168.read.1.tlog
H:\Programming\vs2010\cpp\MFC\RouterManager\Debuger\Debug\link.4168.write.1.tlog
H:\Programming\vs2010\cpp\MFC\RouterManager\Debuger\Debug\link.4168-cvtres.read.1.tlog
H:\Programming\vs2010\cpp\MFC\RouterManager\Debuger\Debug\link.4168-cvtres.write.1.tlog
H:\Programming\vs2010\cpp\MFC\RouterManager\Debuger\Debug\link.4184.read.1.tlog
H:\Programming\vs2010\cpp\MFC\RouterManager\Debuger\Debug\link.4184.write.1.tlog
H:\Programming\vs2010\cpp\MFC\RouterManager\Debuger\Debug\link.4184-cvtres.read.1.tlog
H:\Programming\vs2010\cpp\MFC\RouterManager\Debuger\Debug\link.4184-cvtres.write.1.tlog
H:\Programming\vs2010\cpp\MFC\RouterManager\Debuger\Debug\link.4188.read.1.tlog
H:\Programming\vs2010\cpp\MFC\RouterManager\Debuger\Debug\link.4188.write.1.tlog
H:\Programming\vs2010\cpp\MFC\RouterManager\Debuger\Debug\link.4188-cvtres.read.1.tlog
H:\Programming\vs2010\cpp\MFC\RouterManager\Debuger\Debug\link.4188-cvtres.write.1.tlog
H:\Programming\vs2010\cpp\MFC\RouterManager\Debuger\Debug\link.4312.read.1.tlog
H:\Programming\vs2010\cpp\MFC\RouterManager\Debuger\Debug\link.4312.write.1.tlog
H:\Programming\vs2010\cpp\MFC\RouterManager\Debuger\Debug\link.4312-cvtres.read.1.tlog
H:\Programming\vs2010\cpp\MFC\RouterManager\Debuger\Debug\link.4312-cvtres.write.1.tlog
H:\Programming\vs2010\cpp\MFC\RouterManager\Debuger\Debug\link.4356.read.1.tlog
H:\Programming\vs2010\cpp\MFC\RouterManager\Debuger\Debug\link.4356.write.1.tlog
H:\Programming\vs2010\cpp\MFC\RouterManager\Debuger\Debug\link.4356-cvtres.read.1.tlog
H:\Programming\vs2010\cpp\MFC\RouterManager\Debuger\Debug\link.4356-cvtres.write.1.tlog
H:\Programming\vs2010\cpp\MFC\RouterManager\Debuger\Debug\link.4488.read.1.tlog
H:\Programming\vs2010\cpp\MFC\RouterManager\Debuger\Debug\link.4488.write.1.tlog
H:\Programming\vs2010\cpp\MFC\RouterManager\Debuger\Debug\link.4488-cvtres.read.1.tlog
H:\Programming\vs2010\cpp\MFC\RouterManager\Debuger\Debug\link.4488-cvtres.write.1.tlog
H:\Programming\vs2010\cpp\MFC\RouterManager\Debuger\Debug\link.4508.read.1.tlog
H:\Programming\vs2010\cpp\MFC\RouterManager\Debuger\Debug\link.4508.write.1.tlog
H:\Programming\vs2010\cpp\MFC\RouterManager\Debuger\Debug\link.4508-cvtres.read.1.tlog
H:\Programming\vs2010\cpp\MFC\RouterManager\Debuger\Debug\link.4508-cvtres.write.1.tlog
H:\Programming\vs2010\cpp\MFC\RouterManager\Debuger\Debug\link.4592.read.1.tlog
H:\Programming\vs2010\cpp\MFC\RouterManager\Debuger\Debug\link.4592.write.1.tlog
H:\Programming\vs2010\cpp\MFC\RouterManager\Debuger\Debug\link.4592-cvtres.read.1.tlog
H:\Programming\vs2010\cpp\MFC\RouterManager\Debuger\Debug\link.4592-cvtres.write.1.tlog
H:\Programming\vs2010\cpp\MFC\RouterManager\Debuger\Debug\link.4632.read.1.tlog
H:\Programming\vs2010\cpp\MFC\RouterManager\Debuger\Debug\link.4632.write.1.tlog
H:\Programming\vs2010\cpp\MFC\RouterManager\Debuger\Debug\link.4632-cvtres.read.1.tlog
H:\Programming\vs2010\cpp\MFC\RouterManager\Debuger\Debug\link.4632-cvtres.write.1.tlog
H:\Programming\vs2010\cpp\MFC\RouterManager\Debuger\Debug\link.4640.read.1.tlog
H:\Programming\vs2010\cpp\MFC\RouterManager\Debuger\Debug\link.4640.write.1.tlog
H:\Programming\vs2010\cpp\MFC\RouterManager\Debuger\Debug\link.4640-cvtres.read.1.tlog
H:\Programming\vs2010\cpp\MFC\RouterManager\Debuger\Debug\link.4640-cvtres.write.1.tlog
H:\Programming\vs2010\cpp\MFC\RouterManager\Debuger\Debug\link.4752.read.1.tlog
H:\Programming\vs2010\cpp\MFC\RouterManager\Debuger\Debug\link.4752.write.1.tlog
H:\Programming\vs2010\cpp\MFC\RouterManager\Debuger\Debug\link.4752-cvtres.read.1.tlog
H:\Programming\vs2010\cpp\MFC\RouterManager\Debuger\Debug\link.4752-cvtres.write.1.tlog
H:\Programming\vs2010\cpp\MFC\RouterManager\Debuger\Debug\link.4772.read.1.tlog
H:\Programming\vs2010\cpp\MFC\RouterManager\Debuger\Debug\link.4772.write.1.tlog
H:\Programming\vs2010\cpp\MFC\RouterManager\Debuger\Debug\link.4772-cvtres.read.1.tlog
H:\Programming\vs2010\cpp\MFC\RouterManager\Debuger\Debug\link.4772-cvtres.write.1.tlog
H:\Programming\vs2010\cpp\MFC\RouterManager\Debuger\Debug\link.4812.read.1.tlog
H:\Programming\vs2010\cpp\MFC\RouterManager\Debuger\Debug\link.4812.write.1.tlog
H:\Programming\vs2010\cpp\MFC\RouterManager\Debuger\Debug\link.4812-cvtres.read.1.tlog
H:\Programming\vs2010\cpp\MFC\RouterManager\Debuger\Debug\link.4812-cvtres.write.1.tlog
H:\Programming\vs2010\cpp\MFC\RouterManager\Debuger\Debug\link.4824.read.1.tlog
H:\Programming\vs2010\cpp\MFC\RouterManager\Debuger\Debug\link.4824.write.1.tlog
H:\Programming\vs2010\cpp\MFC\RouterManager\Debuger\Debug\link.4824-cvtres.read.1.tlog
H:\Programming\vs2010\cpp\MFC\RouterManager\Debuger\Debug\link.4824-cvtres.write.1.tlog
H:\Programming\vs2010\cpp\MFC\RouterManager\Debuger\Debug\link.4836.read.1.tlog
H:\Programming\vs2010\cpp\MFC\RouterManager\Debuger\Debug\link.4836.write.1.tlog
H:\Programming\vs2010\cpp\MFC\RouterManager\Debuger\Debug\link.4836-cvtres.read.1.tlog
H:\Programming\vs2010\cpp\MFC\RouterManager\Debuger\Debug\link.4836-cvtres.write.1.tlog
H:\Programming\vs2010\cpp\MFC\RouterManager\Debuger\Debug\link.4964.read.1.tlog
H:\Programming\vs2010\cpp\MFC\RouterManager\Debuger\Debug\link.4964.write.1.tlog
H:\Programming\vs2010\cpp\MFC\RouterManager\Debuger\Debug\link.4964-cvtres.read.1.tlog
H:\Programming\vs2010\cpp\MFC\RouterManager\Debuger\Debug\link.4964-cvtres.write.1.tlog
H:\Programming\vs2010\cpp\MFC\RouterManager\Debuger\Debug\link.4984.read.1.tlog
H:\Programming\vs2010\cpp\MFC\RouterManager\Debuger\Debug\link.4984.write.1.tlog
H:\Programming\vs2010\cpp\MFC\RouterManager\Debuger\Debug\link.4984-cvtres.read.1.tlog
H:\Programming\vs2010\cpp\MFC\RouterManager\Debuger\Debug\link.4984-cvtres.write.1.tlog
H:\Programming\vs2010\cpp\MFC\RouterManager\Debuger\Debug\link.5148.read.1.tlog
H:\Programming\vs2010\cpp\MFC\RouterManager\Debuger\Debug\link.5148.write.1.tlog
H:\Programming\vs2010\cpp\MFC\RouterManager\Debuger\Debug\link.5148-cvtres.read.1.tlog
H:\Programming\vs2010\cpp\MFC\RouterManager\Debuger\Debug\link.5148-cvtres.write.1.tlog
H:\Programming\vs2010\cpp\MFC\RouterManager\Debuger\Debug\link.5176.read.1.tlog
H:\Programming\vs2010\cpp\MFC\RouterManager\Debuger\Debug\link.5176.write.1.tlog
H:\Programming\vs2010\cpp\MFC\RouterManager\Debuger\Debug\link.5176-cvtres.read.1.tlog
H:\Programming\vs2010\cpp\MFC\RouterManager\Debuger\Debug\link.5176-cvtres.write.1.tlog
H:\Programming\vs2010\cpp\MFC\RouterManager\Debuger\Debug\link.5212.read.1.tlog
H:\Programming\vs2010\cpp\MFC\RouterManager\Debuger\Debug\link.5212.write.1.tlog
H:\Programming\vs2010\cpp\MFC\RouterManager\Debuger\Debug\link.5212-cvtres.read.1.tlog
H:\Programming\vs2010\cpp\MFC\RouterManager\Debuger\Debug\link.5212-cvtres.write.1.tlog
H:\Programming\vs2010\cpp\MFC\RouterManager\Debuger\Debug\link.5564.read.1.tlog
H:\Programming\vs2010\cpp\MFC\RouterManager\Debuger\Debug\link.5564.write.1.tlog
H:\Programming\vs2010\cpp\MFC\RouterManager\Debuger\Debug\link.5564-cvtres.read.1.tlog
H:\Programming\vs2010\cpp\MFC\RouterManager\Debuger\Debug\link.5564-cvtres.write.1.tlog
H:\Programming\vs2010\cpp\MFC\RouterManager\Debuger\Debug\link.5584.read.1.tlog
H:\Programming\vs2010\cpp\MFC\RouterManager\Debuger\Debug\link.5584.write.1.tlog
H:\Programming\vs2010\cpp\MFC\RouterManager\Debuger\Debug\link.5584-cvtres.read.1.tlog
H:\Programming\vs2010\cpp\MFC\RouterManager\Debuger\Debug\link.5584-cvtres.write.1.tlog
H:\Programming\vs2010\cpp\MFC\RouterManager\Debuger\Debug\link.5624.read.1.tlog
H:\Programming\vs2010\cpp\MFC\RouterManager\Debuger\Debug\link.5624.write.1.tlog
H:\Programming\vs2010\cpp\MFC\RouterManager\Debuger\Debug\link.5624-cvtres.read.1.tlog
H:\Programming\vs2010\cpp\MFC\RouterManager\Debuger\Debug\link.5624-cvtres.write.1.tlog
H:\Programming\vs2010\cpp\MFC\RouterManager\Debuger\Debug\link.5796.read.1.tlog
H:\Programming\vs2010\cpp\MFC\RouterManager\Debuger\Debug\link.5796.write.1.tlog
H:\Programming\vs2010\cpp\MFC\RouterManager\Debuger\Debug\link.5796-cvtres.read.1.tlog
H:\Programming\vs2010\cpp\MFC\RouterManager\Debuger\Debug\link.5796-cvtres.write.1.tlog
H:\Programming\vs2010\cpp\MFC\RouterManager\Debuger\Debug\link.5832.read.1.tlog
H:\Programming\vs2010\cpp\MFC\RouterManager\Debuger\Debug\link.5832.write.1.tlog
H:\Programming\vs2010\cpp\MFC\RouterManager\Debuger\Debug\link.5832-cvtres.read.1.tlog
H:\Programming\vs2010\cpp\MFC\RouterManager\Debuger\Debug\link.5832-cvtres.write.1.tlog
H:\Programming\vs2010\cpp\MFC\RouterManager\Debuger\Debug\link.5904.read.1.tlog
H:\Programming\vs2010\cpp\MFC\RouterManager\Debuger\Debug\link.5904.write.1.tlog
H:\Programming\vs2010\cpp\MFC\RouterManager\Debuger\Debug\link.5904-cvtres.read.1.tlog
H:\Programming\vs2010\cpp\MFC\RouterManager\Debuger\Debug\link.5904-cvtres.write.1.tlog
H:\Programming\vs2010\cpp\MFC\RouterManager\Debuger\Debug\link.5960.read.1.tlog
H:\Programming\vs2010\cpp\MFC\RouterManager\Debuger\Debug\link.5960.write.1.tlog
H:\Programming\vs2010\cpp\MFC\RouterManager\Debuger\Debug\link.5960-cvtres.read.1.tlog
H:\Programming\vs2010\cpp\MFC\RouterManager\Debuger\Debug\link.5960-cvtres.write.1.tlog
H:\Programming\vs2010\cpp\MFC\RouterManager\Debuger\Debug\link.5984.read.1.tlog
H:\Programming\vs2010\cpp\MFC\RouterManager\Debuger\Debug\link.5984.write.1.tlog
H:\Programming\vs2010\cpp\MFC\RouterManager\Debuger\Debug\link.5984-cvtres.read.1.tlog
H:\Programming\vs2010\cpp\MFC\RouterManager\Debuger\Debug\link.5984-cvtres.write.1.tlog
H:\Programming\vs2010\cpp\MFC\RouterManager\Debuger\Debug\link.6000.read.1.tlog
H:\Programming\vs2010\cpp\MFC\RouterManager\Debuger\Debug\link.6000.write.1.tlog
H:\Programming\vs2010\cpp\MFC\RouterManager\Debuger\Debug\link.6000-cvtres.read.1.tlog
H:\Programming\vs2010\cpp\MFC\RouterManager\Debuger\Debug\link.6000-cvtres.write.1.tlog
H:\Programming\vs2010\cpp\MFC\RouterManager\Debuger\Debug\link.6028.read.1.tlog
H:\Programming\vs2010\cpp\MFC\RouterManager\Debuger\Debug\link.6028.write.1.tlog
H:\Programming\vs2010\cpp\MFC\RouterManager\Debuger\Debug\link.6028-cvtres.read.1.tlog
H:\Programming\vs2010\cpp\MFC\RouterManager\Debuger\Debug\link.6028-cvtres.write.1.tlog
H:\Programming\vs2010\cpp\MFC\RouterManager\Debuger\Debug\link.6048.read.1.tlog
H:\Programming\vs2010\cpp\MFC\RouterManager\Debuger\Debug\link.6048.write.1.tlog
H:\Programming\vs2010\cpp\MFC\RouterManager\Debuger\Debug\link.6048-cvtres.read.1.tlog
H:\Programming\vs2010\cpp\MFC\RouterManager\Debuger\Debug\link.6048-cvtres.write.1.tlog
H:\Programming\vs2010\cpp\MFC\RouterManager\Debuger\Debug\link.6100.read.1.tlog
H:\Programming\vs2010\cpp\MFC\RouterManager\Debuger\Debug\link.6100.write.1.tlog
H:\Programming\vs2010\cpp\MFC\RouterManager\Debuger\Debug\link.6100-cvtres.read.1.tlog
H:\Programming\vs2010\cpp\MFC\RouterManager\Debuger\Debug\link.6100-cvtres.write.1.tlog
H:\Programming\vs2010\cpp\MFC\RouterManager\Debuger\Debug\link.6200.read.1.tlog
H:\Programming\vs2010\cpp\MFC\RouterManager\Debuger\Debug\link.6200.write.1.tlog
H:\Programming\vs2010\cpp\MFC\RouterManager\Debuger\Debug\link.6200-cvtres.read.1.tlog
H:\Programming\vs2010\cpp\MFC\RouterManager\Debuger\Debug\link.6200-cvtres.write.1.tlog
H:\Programming\vs2010\cpp\MFC\RouterManager\Debuger\Debug\link.6328.read.1.tlog
H:\Programming\vs2010\cpp\MFC\RouterManager\Debuger\Debug\link.6328.write.1.tlog
H:\Programming\vs2010\cpp\MFC\RouterManager\Debuger\Debug\link.6328-cvtres.read.1.tlog
H:\Programming\vs2010\cpp\MFC\RouterManager\Debuger\Debug\link.6328-cvtres.write.1.tlog
H:\Programming\vs2010\cpp\MFC\RouterManager\Debuger\Debug\link.6488.read.1.tlog
H:\Programming\vs2010\cpp\MFC\RouterManager\Debuger\Debug\link.6488.write.1.tlog
H:\Programming\vs2010\cpp\MFC\RouterManager\Debuger\Debug\link.6488-cvtres.read.1.tlog
H:\Programming\vs2010\cpp\MFC\RouterManager\Debuger\Debug\link.6488-cvtres.write.1.tlog
H:\Programming\vs2010\cpp\MFC\RouterManager\Debuger\Debug\link.6724.read.1.tlog
H:\Programming\vs2010\cpp\MFC\RouterManager\Debuger\Debug\link.6724.write.1.tlog
H:\Programming\vs2010\cpp\MFC\RouterManager\Debuger\Debug\link.6724-cvtres.read.1.tlog
H:\Programming\vs2010\cpp\MFC\RouterManager\Debuger\Debug\link.6724-cvtres.write.1.tlog
H:\Programming\vs2010\cpp\MFC\RouterManager\Debuger\Debug\link.6784.read.1.tlog
H:\Programming\vs2010\cpp\MFC\RouterManager\Debuger\Debug\link.6784.write.1.tlog
H:\Programming\vs2010\cpp\MFC\RouterManager\Debuger\Debug\link.6784-cvtres.read.1.tlog
H:\Programming\vs2010\cpp\MFC\RouterManager\Debuger\Debug\link.6784-cvtres.write.1.tlog
H:\Programming\vs2010\cpp\MFC\RouterManager\Debuger\Debug\link.684.read.1.tlog
H:\Programming\vs2010\cpp\MFC\RouterManager\Debuger\Debug\link.684.write.1.tlog
H:\Programming\vs2010\cpp\MFC\RouterManager\Debuger\Debug\link.684-cvtres.read.1.tlog
H:\Programming\vs2010\cpp\MFC\RouterManager\Debuger\Debug\link.684-cvtres.write.1.tlog
H:\Programming\vs2010\cpp\MFC\RouterManager\Debuger\Debug\link.7052.read.1.tlog
H:\Programming\vs2010\cpp\MFC\RouterManager\Debuger\Debug\link.7052.write.1.tlog
H:\Programming\vs2010\cpp\MFC\RouterManager\Debuger\Debug\link.7052-cvtres.read.1.tlog
H:\Programming\vs2010\cpp\MFC\RouterManager\Debuger\Debug\link.7052-cvtres.write.1.tlog
H:\Programming\vs2010\cpp\MFC\RouterManager\Debuger\Debug\link.7212.read.1.tlog
H:\Programming\vs2010\cpp\MFC\RouterManager\Debuger\Debug\link.7212.write.1.tlog
H:\Programming\vs2010\cpp\MFC\RouterManager\Debuger\Debug\link.7212-cvtres.read.1.tlog
H:\Programming\vs2010\cpp\MFC\RouterManager\Debuger\Debug\link.7212-cvtres.write.1.tlog
H:\Programming\vs2010\cpp\MFC\RouterManager\Debuger\Debug\link.7256.read.1.tlog
H:\Programming\vs2010\cpp\MFC\RouterManager\Debuger\Debug\link.7256.write.1.tlog
H:\Programming\vs2010\cpp\MFC\RouterManager\Debuger\Debug\link.7256-cvtres.read.1.tlog
H:\Programming\vs2010\cpp\MFC\RouterManager\Debuger\Debug\link.7256-cvtres.write.1.tlog
H:\Programming\vs2010\cpp\MFC\RouterManager\Debuger\Debug\link.7644.read.1.tlog
H:\Programming\vs2010\cpp\MFC\RouterManager\Debuger\Debug\link.7644.write.1.tlog
H:\Programming\vs2010\cpp\MFC\RouterManager\Debuger\Debug\link.7644-cvtres.read.1.tlog
H:\Programming\vs2010\cpp\MFC\RouterManager\Debuger\Debug\link.7644-cvtres.write.1.tlog
H:\Programming\vs2010\cpp\MFC\RouterManager\Debuger\Debug\link.7780.read.1.tlog
H:\Programming\vs2010\cpp\MFC\RouterManager\Debuger\Debug\link.7780.write.1.tlog
H:\Programming\vs2010\cpp\MFC\RouterManager\Debuger\Debug\link.7780-cvtres.read.1.tlog
H:\Programming\vs2010\cpp\MFC\RouterManager\Debuger\Debug\link.7780-cvtres.write.1.tlog
H:\Programming\vs2010\cpp\MFC\RouterManager\Debuger\Debug\link.7856.read.1.tlog
H:\Programming\vs2010\cpp\MFC\RouterManager\Debuger\Debug\link.7856.write.1.tlog
H:\Programming\vs2010\cpp\MFC\RouterManager\Debuger\Debug\link.7856-cvtres.read.1.tlog
H:\Programming\vs2010\cpp\MFC\RouterManager\Debuger\Debug\link.7856-cvtres.write.1.tlog
H:\Programming\vs2010\cpp\MFC\RouterManager\Debuger\Debug\link.7964.read.1.tlog
H:\Programming\vs2010\cpp\MFC\RouterManager\Debuger\Debug\link.7964.write.1.tlog
H:\Programming\vs2010\cpp\MFC\RouterManager\Debuger\Debug\link.7964-cvtres.read.1.tlog
H:\Programming\vs2010\cpp\MFC\RouterManager\Debuger\Debug\link.7964-cvtres.write.1.tlog
H:\Programming\vs2010\cpp\MFC\RouterManager\Debuger\Debug\link.8144.read.1.tlog
H:\Programming\vs2010\cpp\MFC\RouterManager\Debuger\Debug\link.8144.write.1.tlog
H:\Programming\vs2010\cpp\MFC\RouterManager\Debuger\Debug\link.8144-cvtres.read.1.tlog
H:\Programming\vs2010\cpp\MFC\RouterManager\Debuger\Debug\link.8144-cvtres.write.1.tlog
H:\Programming\vs2010\cpp\MFC\RouterManager\Debuger\Debug\link.940.read.1.tlog
H:\Programming\vs2010\cpp\MFC\RouterManager\Debuger\Debug\link.940.write.1.tlog
H:\Programming\vs2010\cpp\MFC\RouterManager\Debuger\Debug\link.940-cvtres.read.1.tlog
H:\Programming\vs2010\cpp\MFC\RouterManager\Debuger\Debug\link.940-cvtres.write.1.tlog
H:\Programming\vs2010\cpp\MFC\RouterManager\Debuger\Debug\link.9476.read.1.tlog
H:\Programming\vs2010\cpp\MFC\RouterManager\Debuger\Debug\link.9476.write.1.tlog
H:\Programming\vs2010\cpp\MFC\RouterManager\Debuger\Debug\link.9476-cvtres.read.1.tlog
H:\Programming\vs2010\cpp\MFC\RouterManager\Debuger\Debug\link.9476-cvtres.write.1.tlog
H:\Programming\vs2010\cpp\MFC\RouterManager\Debuger\Debug\link.9736.read.1.tlog
H:\Programming\vs2010\cpp\MFC\RouterManager\Debuger\Debug\link.9736.write.1.tlog
H:\Programming\vs2010\cpp\MFC\RouterManager\Debuger\Debug\link.9736-cvtres.read.1.tlog
H:\Programming\vs2010\cpp\MFC\RouterManager\Debuger\Debug\link.9736-cvtres.write.1.tlog
H:\Programming\vs2010\cpp\MFC\RouterManager\Debuger\Debug\link.9920.read.1.tlog
H:\Programming\vs2010\cpp\MFC\RouterManager\Debuger\Debug\link.9920.write.1.tlog
H:\Programming\vs2010\cpp\MFC\RouterManager\Debuger\Debug\link.9920-cvtres.read.1.tlog
H:\Programming\vs2010\cpp\MFC\RouterManager\Debuger\Debug\link.9920-cvtres.write.1.tlog
H:\Programming\vs2010\cpp\MFC\RouterManager\Debuger\Debug\link.command.1.tlog
H:\Programming\vs2010\cpp\MFC\RouterManager\Debuger\Debug\link.read.1.tlog
H:\Programming\vs2010\cpp\MFC\RouterManager\Debuger\Debug\link.write.1.tlog
H:\Programming\vs2010\cpp\MFC\RouterManager\Debuger\Debug\link-cvtres.read.1.tlog
H:\Programming\vs2010\cpp\MFC\RouterManager\Debuger\Debug\link-cvtres.write.1.tlog
H:\Programming\vs2010\cpp\MFC\RouterManager\Debuger\Debug\msxml6.tlh
H:\Programming\vs2010\cpp\MFC\RouterManager\Debuger\Debug\msxml6.tli
H:\Programming\vs2010\cpp\MFC\RouterManager\Debuger\Debug\mt.command.1.tlog
H:\Programming\vs2010\cpp\MFC\RouterManager\Debuger\Debug\mt.read.1.tlog
H:\Programming\vs2010\cpp\MFC\RouterManager\Debuger\Debug\mt.write.1.tlog
H:\Programming\vs2010\cpp\MFC\RouterManager\Debuger\Debug\rc.command.1.tlog
H:\Programming\vs2010\cpp\MFC\RouterManager\Debuger\Debug\rc.read.1.tlog
H:\Programming\vs2010\cpp\MFC\RouterManager\Debuger\Debug\rc.write.1.tlog
H:\PROGRAMMING\VS2010\CPP\MFC\ROUTERMANAGER\DEBUGER\DEBUG\RECORDHEAPFILE.OBJ
H:\PROGRAMMING\VS2010\CPP\MFC\ROUTERMANAGER\DEBUGER\DEBUG\STDAFX.OBJ
H:\PROGRAMMING\VS2010\CPP\MFC\ROUTERMANAGER\DEBUGER\DEBUG\STRPARALLELCMP.OBJ
H:\Programming\vs2010\cpp\MFC\RouterManager\Debuger\Debug\vc100.idb
H:\PROGRAMMING\VS2010\CPP\MFC\ROUTERMANAGER\DEBUGER\DEBUG\VC100.PDB
H:\PROGRAMMING\VS2010\CPP\MFC\ROUTERMANAGER\DEBUGER\DEBUG\WEBBROWSER1.OBJ
